Using pre-set license
Built from '2021.3/staging' branch; Version is '2021.3.13f1 (9e7d58001ecf) revision 10386776'; Using compiler version '192829333'; Build Type 'Release'
OS: 'Windows 11  (10.0.22621) 64bit Core' Language: 'en' Physical Memory: 16169 MB
BatchMode: 1, IsHumanControllingUs: 0, StartBugReporterOnCrash: 0, Is64bit: 1, IsPro: 1

COMMAND LINE ARGUMENTS:
C:\Program Files\Unity\Hub\Editor\2021.3.13f1\Editor\Unity.exe
-adb2
-batchMode
-noUpm
-name
AssetImportWorker4
-projectPath
C:/Users/farha/OneDrive/Desktop/Desktop/backup Stuff/Individual-Ass2/IND-ASS2
-logFile
Logs/AssetImportWorker4.log
-srvPort
57300
Successfully changed project path to: C:/Users/farha/OneDrive/Desktop/Desktop/backup Stuff/Individual-Ass2/IND-ASS2
C:/Users/farha/OneDrive/Desktop/Desktop/backup Stuff/Individual-Ass2/IND-ASS2
[UnityMemory] Configuration Parameters - Can be set up in boot.config
    "memorysetup-bucket-allocator-granularity=16"
    "memorysetup-bucket-allocator-bucket-count=8"
    "memorysetup-bucket-allocator-block-size=33554432"
    "memorysetup-bucket-allocator-block-count=8"
    "memorysetup-main-allocator-block-size=16777216"
    "memorysetup-thread-allocator-block-size=16777216"
    "memorysetup-gfx-main-allocator-block-size=16777216"
    "memorysetup-gfx-thread-allocator-block-size=16777216"
    "memorysetup-cache-allocator-block-size=4194304"
    "memorysetup-typetree-allocator-block-size=2097152"
    "memorysetup-profiler-bucket-allocator-granularity=16"
    "memorysetup-profiler-bucket-allocator-bucket-count=8"
    "memorysetup-profiler-bucket-allocator-block-size=33554432"
    "memorysetup-profiler-bucket-allocator-block-count=8"
    "memorysetup-profiler-allocator-block-size=16777216"
    "memorysetup-profiler-editor-allocator-block-size=1048576"
    "memorysetup-temp-allocator-size-main=16777216"
    "memorysetup-job-temp-allocator-block-size=2097152"
    "memorysetup-job-temp-allocator-block-size-background=1048576"
    "memorysetup-job-temp-allocator-reduction-small-platforms=262144"
    "memorysetup-temp-allocator-size-background-worker=32768"
    "memorysetup-temp-allocator-size-job-worker=262144"
    "memorysetup-temp-allocator-size-preload-manager=33554432"
    "memorysetup-temp-allocator-size-nav-mesh-worker=65536"
    "memorysetup-temp-allocator-size-audio-worker=65536"
    "memorysetup-temp-allocator-size-cloud-worker=32768"
    "memorysetup-temp-allocator-size-gi-baking-worker=262144"
    "memorysetup-temp-allocator-size-gfx=262144"
Refreshing native plugins compatible for Editor in 102.14 ms, found 3 plugins.
Preloading 0 native plugins for Editor in 0.00 ms.
Initialize engine version: 2021.3.13f1 (9e7d58001ecf)
[Subsystems] Discovering subsystems at path C:/Program Files/Unity/Hub/Editor/2021.3.13f1/Editor/Data/Resources/UnitySubsystems
[Subsystems] Discovering subsystems at path C:/Users/farha/OneDrive/Desktop/Desktop/backup Stuff/Individual-Ass2/IND-ASS2/Assets
GfxDevice: creating device client; threaded=0; jobified=0
Direct3D:
    Version:  Direct3D 11.0 [level 11.1]
    Renderer: NVIDIA GeForce RTX 2060 (ID=0x1f15)
    Vendor:   NVIDIA
    VRAM:     5968 MB
    Driver:   31.0.15.2824
Initialize mono
Mono path[0] = 'C:/Program Files/Unity/Hub/Editor/2021.3.13f1/Editor/Data/Managed'
Mono path[1] = 'C:/Program Files/Unity/Hub/Editor/2021.3.13f1/Editor/Data/MonoBleedingEdge/lib/mono/unityjit-win32'
Mono config path = 'C:/Program Files/Unity/Hub/Editor/2021.3.13f1/Editor/Data/MonoBleedingEdge/etc'
Using monoOptions --debugger-agent=transport=dt_socket,embedding=1,server=y,suspend=n,address=127.0.0.1:56144
Begin MonoManager ReloadAssembly
Registering precompiled unity dll's ...
Register platform support module: C:/Program Files/Unity/Hub/Editor/2021.3.13f1/Editor/Data/PlaybackEngines/WebGLSupport/UnityEditor.WebGL.Extensions.dll
Register platform support module: C:/Program Files/Unity/Hub/Editor/2021.3.13f1/Editor/Data/PlaybackEngines/WindowsStandaloneSupport/UnityEditor.WindowsStandalone.Extensions.dll
Registered in 0.005219 seconds.
Native extension for WindowsStandalone target not found
Native extension for WebGL target not found
Refreshing native plugins compatible for Editor in 92.63 ms, found 3 plugins.
Preloading 0 native plugins for Editor in 0.00 ms.
Mono: successfully reloaded assembly
- Completed reload, in  0.698 seconds
Domain Reload Profiling:
	ReloadAssembly (698ms)
		BeginReloadAssembly (70ms)
			ExecutionOrderSort (0ms)
			DisableScriptedObjects (0ms)
			BackupInstance (0ms)
			ReleaseScriptingObjects (0ms)
			CreateAndSetChildDomain (1ms)
		EndReloadAssembly (515ms)
			LoadAssemblies (68ms)
			RebuildTransferFunctionScriptingTraits (0ms)
			SetupTypeCache (111ms)
			ReleaseScriptCaches (0ms)
			RebuildScriptCaches (33ms)
			SetupLoadedEditorAssemblies (317ms)
				LogAssemblyErrors (0ms)
				InitializePlatformSupportModulesInManaged (9ms)
				SetLoadedEditorAssemblies (0ms)
				RefreshPlugins (93ms)
				BeforeProcessingInitializeOnLoad (1ms)
				ProcessInitializeOnLoadAttributes (158ms)
				ProcessInitializeOnLoadMethodAttributes (57ms)
				AfterProcessingInitializeOnLoad (0ms)
				EditorAssembliesLoaded (0ms)
			ExecutionOrderSort2 (0ms)
			AwakeInstancesAfterBackupRestoration (0ms)
Platform modules already initialized, skipping
Registering precompiled user dll's ...
Registered in 0.005585 seconds.
Begin MonoManager ReloadAssembly
Symbol file LoadedFromMemory doesn't match image C:\Users\farha\OneDrive\Desktop\Desktop\backup Stuff\Individual-Ass2\IND-ASS2\Library\PackageCache\com.unity.visualscripting@1.7.8\Editor\VisualScripting.Core\Dependencies\YamlDotNet\Unity.VisualScripting.YamlDotNet.dll
Symbol file LoadedFromMemory doesn't match image C:\Users\farha\OneDrive\Desktop\Desktop\backup Stuff\Individual-Ass2\IND-ASS2\Library\PackageCache\com.unity.visualscripting@1.7.8\Editor\VisualScripting.Core\Dependencies\DotNetZip\Unity.VisualScripting.IonicZip.dll
Native extension for WindowsStandalone target not found
Native extension for WebGL target not found
Refreshing native plugins compatible for Editor in 0.55 ms, found 3 plugins.
Preloading 0 native plugins for Editor in 0.00 ms.
Mono: successfully reloaded assembly
- Completed reload, in  1.081 seconds
Domain Reload Profiling:
	ReloadAssembly (1081ms)
		BeginReloadAssembly (107ms)
			ExecutionOrderSort (0ms)
			DisableScriptedObjects (6ms)
			BackupInstance (0ms)
			ReleaseScriptingObjects (0ms)
			CreateAndSetChildDomain (18ms)
		EndReloadAssembly (853ms)
			LoadAssemblies (78ms)
			RebuildTransferFunctionScriptingTraits (0ms)
			SetupTypeCache (289ms)
			ReleaseScriptCaches (1ms)
			RebuildScriptCaches (55ms)
			SetupLoadedEditorAssemblies (384ms)
				LogAssemblyErrors (0ms)
				InitializePlatformSupportModulesInManaged (6ms)
				SetLoadedEditorAssemblies (0ms)
				RefreshPlugins (1ms)
				BeforeProcessingInitializeOnLoad (93ms)
				ProcessInitializeOnLoadAttributes (246ms)
				ProcessInitializeOnLoadMethodAttributes (31ms)
				AfterProcessingInitializeOnLoad (6ms)
				EditorAssembliesLoaded (0ms)
			ExecutionOrderSort2 (0ms)
			AwakeInstancesAfterBackupRestoration (6ms)
Platform modules already initialized, skipping
========================================================================
Worker process is ready to serve import requests
Launched and connected shader compiler UnityShaderCompiler.exe after 0.05 seconds
Refreshing native plugins compatible for Editor in 0.85 ms, found 3 plugins.
Preloading 0 native plugins for Editor in 0.00 ms.
Unloading 3370 Unused Serialized files (Serialized files now loaded: 0)
Unloading 29 unused Assets / (185.9 KB). Loaded Objects now: 3826.
Memory consumption went from 124.1 MB to 123.9 MB.
Total: 3.060100 ms (FindLiveObjects: 0.270400 ms CreateObjectMapping: 0.225000 ms MarkObjects: 2.440400 ms  DeleteObjects: 0.123400 ms)

AssetImportParameters requested are different than current active one (requested -> active):
  custom:video-decoder-ogg-theora: a1e56fd34408186e4bbccfd4996cb3dc -> 
  custom:container-muxer-webm: aa71ff27fc2769a1b78a27578f13a17b -> 
  custom:container-demuxer-webm: 4f35f7cbe854078d1ac9338744f61a02 -> 
  custom:video-encoder-webm-vp8: eb34c28f22e8b96e1ab97ce403110664 -> 
  custom:video-codec-MediaFoundation-h265: 746d11721c4dcdbdad8f713fa42b33f4 -> 
  custom:audio-encoder-webm-vorbis: bf7c407c2cedff20999df2af8eb42d56 -> 
  custom:framework-win-MediaFoundation: 216162199b28c13a410421893ffa2e32 -> 
  custom:container-demuxer-ogg: 62fdf1f143b41e24485cea50d1cbac27 -> 
  custom:video-decoder-webm-vp8: 9c59270c3fd7afecdb556c50c9e8de78 -> 
  custom:audio-decoder-ogg-vorbis: bf7c407c2cedff20999df2af8eb42d56 -> 
========================================================================
Received Import Request.
  Time since last request: 6164.940312 seconds.
  path: Assets/TropicalEnvironment_LITE/Prefabs
  artifactKey: Guid(58de3255b3e01764eabf1e6b1f787480) Importer(815301076,1909f56bfc062723c751e8b465ee728b)
Start importing Assets/TropicalEnvironment_LITE/Prefabs using Guid(58de3255b3e01764eabf1e6b1f787480) Importer(815301076,1909f56bfc062723c751e8b465ee728b)  -> (artifact id: '8c462303e779609b9808a8d8aa98fc04') in 0.014277 seconds 
========================================================================
Received Import Request.
  Time since last request: 0.017123 seconds.
  path: Assets/TropicalEnvironment_LITE/Prefabs/Barrel_04.prefab
  artifactKey: Guid(ce66a822c9a3f614fbdf2bc93393f17e) Importer(815301076,1909f56bfc062723c751e8b465ee728b)
Start importing Assets/TropicalEnvironment_LITE/Prefabs/Barrel_04.prefab using Guid(ce66a822c9a3f614fbdf2bc93393f17e) Importer(815301076,1909f56bfc062723c751e8b465ee728b)  -> (artifact id: '3429c51dfacf90567c7fff4c2df13b8f') in 0.317533 seconds 
========================================================================
Received Import Request.
  Time since last request: 0.000030 seconds.
  path: Assets/TropicalEnvironment_LITE/Prefabs/PalmTree_05.prefab
  artifactKey: Guid(3d6ee73ce0cc2f34fb0943aee27b056a) Importer(815301076,1909f56bfc062723c751e8b465ee728b)
Start importing Assets/TropicalEnvironment_LITE/Prefabs/PalmTree_05.prefab using Guid(3d6ee73ce0cc2f34fb0943aee27b056a) Importer(815301076,1909f56bfc062723c751e8b465ee728b)  -> (artifact id: 'c42ef9161b22cad6ad5ec5a7f15d0b50') in 0.027769 seconds 
========================================================================
Received Import Request.
  Time since last request: 3.531609 seconds.
  path: Assets/TropicalEnvironment_LITE/Terrain
  artifactKey: Guid(ba41425e38dcdfd40876c761e116f7f3) Importer(815301076,1909f56bfc062723c751e8b465ee728b)
Start importing Assets/TropicalEnvironment_LITE/Terrain using Guid(ba41425e38dcdfd40876c761e116f7f3) Importer(815301076,1909f56bfc062723c751e8b465ee728b)  -> (artifact id: 'd845bc88f3d6e4e10f4ba3f4ca810a7a') in 0.006836 seconds 
========================================================================
Received Import Request.
  Time since last request: 0.000487 seconds.
  path: Assets/TropicalEnvironment_LITE/Terrain/TE_Lite_Terrain.asset
  artifactKey: Guid(f254063387909f543a0080317d33e58d) Importer(815301076,1909f56bfc062723c751e8b465ee728b)
Start importing Assets/TropicalEnvironment_LITE/Terrain/TE_Lite_Terrain.asset using Guid(f254063387909f543a0080317d33e58d) Importer(815301076,1909f56bfc062723c751e8b465ee728b)  -> (artifact id: '1d6778c0315b7017a7a79905f1a45c30') in 0.037130 seconds 
========================================================================
Received Import Request.
  Time since last request: 1.019504 seconds.
  path: Assets/TropicalEnvironment_LITE/Terrain/TerrainLayer
  artifactKey: Guid(fc77cfed4a7c9a94da1cf940217c89d9) Importer(815301076,1909f56bfc062723c751e8b465ee728b)
Start importing Assets/TropicalEnvironment_LITE/Terrain/TerrainLayer using Guid(fc77cfed4a7c9a94da1cf940217c89d9) Importer(815301076,1909f56bfc062723c751e8b465ee728b)  -> (artifact id: '1a402ee0043a1e0a51249e92f9493a56') in 0.007340 seconds 
========================================================================
Received Import Request.
  Time since last request: 0.078146 seconds.
  path: Assets/TropicalEnvironment_LITE/Terrain/TerrainLayer/Grass_Lite.terrainlayer
  artifactKey: Guid(e0f44849b8579184abc1a4c0038e1545) Importer(815301076,1909f56bfc062723c751e8b465ee728b)
Start importing Assets/TropicalEnvironment_LITE/Terrain/TerrainLayer/Grass_Lite.terrainlayer using Guid(e0f44849b8579184abc1a4c0038e1545) Importer(815301076,1909f56bfc062723c751e8b465ee728b)  -> (artifact id: '5f94a0af95fb9bbc7c8795fb503b902a') in 0.033584 seconds 
========================================================================
Received Import Request.
  Time since last request: 6.227798 seconds.
  path: Assets/TropicalEnvironment_LITE/Textures/TropicalEnvironmentLite_GodRay_01.png
  artifactKey: Guid(ccc9a153c19263c4e8fd12f031a3b53e) Importer(815301076,1909f56bfc062723c751e8b465ee728b)
Start importing Assets/TropicalEnvironment_LITE/Textures/TropicalEnvironmentLite_GodRay_01.png using Guid(ccc9a153c19263c4e8fd12f031a3b53e) Importer(815301076,1909f56bfc062723c751e8b465ee728b)  -> (artifact id: 'f4a341458fb1c602de6d372fff19e61c') in 0.035514 seconds 
========================================================================
Received Import Request.
  Time since last request: 0.000036 seconds.
  path: Assets/TropicalEnvironment_LITE/Textures/TropicalEnvironmentLite_Texture_01.png
  artifactKey: Guid(f7a888e855cafde4e95acf76bec4fd87) Importer(815301076,1909f56bfc062723c751e8b465ee728b)
Start importing Assets/TropicalEnvironment_LITE/Textures/TropicalEnvironmentLite_Texture_01.png using Guid(f7a888e855cafde4e95acf76bec4fd87) Importer(815301076,1909f56bfc062723c751e8b465ee728b)  -> (artifact id: '90004403f80c67f791995908617f4441') in 0.021070 seconds 
========================================================================
Received Import Request.
  Time since last request: 131.662962 seconds.
  path: Assets/TropicalEnvironment_LITE/Materials/TropicalEnvironmentLite_BG.mat
  artifactKey: Guid(b3f65f6ef358d104d8fcad8b2e4ca086) Importer(815301076,1909f56bfc062723c751e8b465ee728b)
Start importing Assets/TropicalEnvironment_LITE/Materials/TropicalEnvironmentLite_BG.mat using Guid(b3f65f6ef358d104d8fcad8b2e4ca086) Importer(815301076,1909f56bfc062723c751e8b465ee728b)  -> (artifact id: '0a1b82153fba5d6adf4c988d61537370') in 0.126097 seconds 
========================================================================
Received Import Request.
  Time since last request: 33.403809 seconds.
  path: Assets/Materials/Water.mat
  artifactKey: Guid(db2207074b6bcea4f9187e903e79d6cd) Importer(815301076,1909f56bfc062723c751e8b465ee728b)
Start importing Assets/Materials/Water.mat using Guid(db2207074b6bcea4f9187e903e79d6cd) Importer(815301076,1909f56bfc062723c751e8b465ee728b)  -> (artifact id: 'c231bc22d69971c6b98ebe7cd4a91e1e') in 0.014956 seconds 
