Using pre-set license
Built from '2021.3/staging' branch; Version is '2021.3.13f1 (9e7d58001ecf) revision 10386776'; Using compiler version '192829333'; Build Type 'Release'
OS: 'Windows 11  (10.0.22621) 64bit Core' Language: 'en' Physical Memory: 16169 MB
BatchMode: 1, IsHumanControllingUs: 0, StartBugReporterOnCrash: 0, Is64bit: 1, IsPro: 1

COMMAND LINE ARGUMENTS:
C:\Program Files\Unity\Hub\Editor\2021.3.13f1\Editor\Unity.exe
-adb2
-batchMode
-noUpm
-name
AssetImportWorker2
-projectPath
C:/Users/farha/OneDrive/Desktop/Desktop/backup Stuff/Individual-Ass2/IND-ASS2
-logFile
Logs/AssetImportWorker2.log
-srvPort
57300
Successfully changed project path to: C:/Users/farha/OneDrive/Desktop/Desktop/backup Stuff/Individual-Ass2/IND-ASS2
C:/Users/farha/OneDrive/Desktop/Desktop/backup Stuff/Individual-Ass2/IND-ASS2
[UnityMemory] Configuration Parameters - Can be set up in boot.config
    "memorysetup-bucket-allocator-granularity=16"
    "memorysetup-bucket-allocator-bucket-count=8"
    "memorysetup-bucket-allocator-block-size=33554432"
    "memorysetup-bucket-allocator-block-count=8"
    "memorysetup-main-allocator-block-size=16777216"
    "memorysetup-thread-allocator-block-size=16777216"
    "memorysetup-gfx-main-allocator-block-size=16777216"
    "memorysetup-gfx-thread-allocator-block-size=16777216"
    "memorysetup-cache-allocator-block-size=4194304"
    "memorysetup-typetree-allocator-block-size=2097152"
    "memorysetup-profiler-bucket-allocator-granularity=16"
    "memorysetup-profiler-bucket-allocator-bucket-count=8"
    "memorysetup-profiler-bucket-allocator-block-size=33554432"
    "memorysetup-profiler-bucket-allocator-block-count=8"
    "memorysetup-profiler-allocator-block-size=16777216"
    "memorysetup-profiler-editor-allocator-block-size=1048576"
    "memorysetup-temp-allocator-size-main=16777216"
    "memorysetup-job-temp-allocator-block-size=2097152"
    "memorysetup-job-temp-allocator-block-size-background=1048576"
    "memorysetup-job-temp-allocator-reduction-small-platforms=262144"
    "memorysetup-temp-allocator-size-background-worker=32768"
    "memorysetup-temp-allocator-size-job-worker=262144"
    "memorysetup-temp-allocator-size-preload-manager=33554432"
    "memorysetup-temp-allocator-size-nav-mesh-worker=65536"
    "memorysetup-temp-allocator-size-audio-worker=65536"
    "memorysetup-temp-allocator-size-cloud-worker=32768"
    "memorysetup-temp-allocator-size-gi-baking-worker=262144"
    "memorysetup-temp-allocator-size-gfx=262144"
Refreshing native plugins compatible for Editor in 97.73 ms, found 3 plugins.
Preloading 0 native plugins for Editor in 0.00 ms.
Initialize engine version: 2021.3.13f1 (9e7d58001ecf)
[Subsystems] Discovering subsystems at path C:/Program Files/Unity/Hub/Editor/2021.3.13f1/Editor/Data/Resources/UnitySubsystems
[Subsystems] Discovering subsystems at path C:/Users/farha/OneDrive/Desktop/Desktop/backup Stuff/Individual-Ass2/IND-ASS2/Assets
GfxDevice: creating device client; threaded=0; jobified=0
Direct3D:
    Version:  Direct3D 11.0 [level 11.1]
    Renderer: NVIDIA GeForce RTX 2060 (ID=0x1f15)
    Vendor:   NVIDIA
    VRAM:     5968 MB
    Driver:   31.0.15.2824
Initialize mono
Mono path[0] = 'C:/Program Files/Unity/Hub/Editor/2021.3.13f1/Editor/Data/Managed'
Mono path[1] = 'C:/Program Files/Unity/Hub/Editor/2021.3.13f1/Editor/Data/MonoBleedingEdge/lib/mono/unityjit-win32'
Mono config path = 'C:/Program Files/Unity/Hub/Editor/2021.3.13f1/Editor/Data/MonoBleedingEdge/etc'
Using monoOptions --debugger-agent=transport=dt_socket,embedding=1,server=y,suspend=n,address=127.0.0.1:56420
Begin MonoManager ReloadAssembly
Registering precompiled unity dll's ...
Register platform support module: C:/Program Files/Unity/Hub/Editor/2021.3.13f1/Editor/Data/PlaybackEngines/WebGLSupport/UnityEditor.WebGL.Extensions.dll
Register platform support module: C:/Program Files/Unity/Hub/Editor/2021.3.13f1/Editor/Data/PlaybackEngines/WindowsStandaloneSupport/UnityEditor.WindowsStandalone.Extensions.dll
Registered in 0.005190 seconds.
Native extension for WindowsStandalone target not found
Native extension for WebGL target not found
Refreshing native plugins compatible for Editor in 115.30 ms, found 3 plugins.
Preloading 0 native plugins for Editor in 0.00 ms.
Mono: successfully reloaded assembly
- Completed reload, in  0.793 seconds
Domain Reload Profiling:
	ReloadAssembly (794ms)
		BeginReloadAssembly (87ms)
			ExecutionOrderSort (0ms)
			DisableScriptedObjects (0ms)
			BackupInstance (0ms)
			ReleaseScriptingObjects (0ms)
			CreateAndSetChildDomain (1ms)
		EndReloadAssembly (582ms)
			LoadAssemblies (84ms)
			RebuildTransferFunctionScriptingTraits (0ms)
			SetupTypeCache (139ms)
			ReleaseScriptCaches (0ms)
			RebuildScriptCaches (36ms)
			SetupLoadedEditorAssemblies (348ms)
				LogAssemblyErrors (0ms)
				InitializePlatformSupportModulesInManaged (10ms)
				SetLoadedEditorAssemblies (0ms)
				RefreshPlugins (115ms)
				BeforeProcessingInitializeOnLoad (1ms)
				ProcessInitializeOnLoadAttributes (172ms)
				ProcessInitializeOnLoadMethodAttributes (49ms)
				AfterProcessingInitializeOnLoad (0ms)
				EditorAssembliesLoaded (0ms)
			ExecutionOrderSort2 (0ms)
			AwakeInstancesAfterBackupRestoration (0ms)
Platform modules already initialized, skipping
Registering precompiled user dll's ...
Registered in 0.005560 seconds.
Begin MonoManager ReloadAssembly
Symbol file LoadedFromMemory doesn't match image C:\Users\farha\OneDrive\Desktop\Desktop\backup Stuff\Individual-Ass2\IND-ASS2\Library\PackageCache\com.unity.visualscripting@1.7.8\Editor\VisualScripting.Core\Dependencies\YamlDotNet\Unity.VisualScripting.YamlDotNet.dll
Symbol file LoadedFromMemory doesn't match image C:\Users\farha\OneDrive\Desktop\Desktop\backup Stuff\Individual-Ass2\IND-ASS2\Library\PackageCache\com.unity.visualscripting@1.7.8\Editor\VisualScripting.Core\Dependencies\DotNetZip\Unity.VisualScripting.IonicZip.dll
Native extension for WindowsStandalone target not found
Native extension for WebGL target not found
Refreshing native plugins compatible for Editor in 0.55 ms, found 3 plugins.
Preloading 0 native plugins for Editor in 0.00 ms.
Mono: successfully reloaded assembly
- Completed reload, in  1.065 seconds
Domain Reload Profiling:
	ReloadAssembly (1067ms)
		BeginReloadAssembly (113ms)
			ExecutionOrderSort (0ms)
			DisableScriptedObjects (6ms)
			BackupInstance (0ms)
			ReleaseScriptingObjects (0ms)
			CreateAndSetChildDomain (18ms)
		EndReloadAssembly (832ms)
			LoadAssemblies (85ms)
			RebuildTransferFunctionScriptingTraits (0ms)
			SetupTypeCache (273ms)
			ReleaseScriptCaches (1ms)
			RebuildScriptCaches (52ms)
			SetupLoadedEditorAssemblies (384ms)
				LogAssemblyErrors (0ms)
				InitializePlatformSupportModulesInManaged (6ms)
				SetLoadedEditorAssemblies (0ms)
				RefreshPlugins (1ms)
				BeforeProcessingInitializeOnLoad (92ms)
				ProcessInitializeOnLoadAttributes (247ms)
				ProcessInitializeOnLoadMethodAttributes (31ms)
				AfterProcessingInitializeOnLoad (6ms)
				EditorAssembliesLoaded (0ms)
			ExecutionOrderSort2 (0ms)
			AwakeInstancesAfterBackupRestoration (6ms)
Platform modules already initialized, skipping
========================================================================
Worker process is ready to serve import requests
Launched and connected shader compiler UnityShaderCompiler.exe after 0.04 seconds
Refreshing native plugins compatible for Editor in 0.56 ms, found 3 plugins.
Preloading 0 native plugins for Editor in 0.00 ms.
Unloading 3368 Unused Serialized files (Serialized files now loaded: 0)
Unloading 29 unused Assets / (184.9 KB). Loaded Objects now: 3824.
Memory consumption went from 123.4 MB to 123.2 MB.
Total: 3.697600 ms (FindLiveObjects: 0.297700 ms CreateObjectMapping: 0.243700 ms MarkObjects: 3.034900 ms  DeleteObjects: 0.120400 ms)

AssetImportParameters requested are different than current active one (requested -> active):
  custom:video-decoder-ogg-theora: a1e56fd34408186e4bbccfd4996cb3dc -> 
  custom:container-muxer-webm: aa71ff27fc2769a1b78a27578f13a17b -> 
  custom:container-demuxer-webm: 4f35f7cbe854078d1ac9338744f61a02 -> 
  custom:video-encoder-webm-vp8: eb34c28f22e8b96e1ab97ce403110664 -> 
  custom:video-codec-MediaFoundation-h265: 746d11721c4dcdbdad8f713fa42b33f4 -> 
  custom:audio-encoder-webm-vorbis: bf7c407c2cedff20999df2af8eb42d56 -> 
  custom:framework-win-MediaFoundation: 216162199b28c13a410421893ffa2e32 -> 
  custom:container-demuxer-ogg: 62fdf1f143b41e24485cea50d1cbac27 -> 
  custom:video-decoder-webm-vp8: 9c59270c3fd7afecdb556c50c9e8de78 -> 
  custom:audio-decoder-ogg-vorbis: bf7c407c2cedff20999df2af8eb42d56 -> 
========================================================================
Received Import Request.
  Time since last request: 2152.581511 seconds.
  path: Assets/Shaders
  artifactKey: Guid(8c6f52366c2f9334eba60448190c21b3) Importer(815301076,1909f56bfc062723c751e8b465ee728b)
Start importing Assets/Shaders using Guid(8c6f52366c2f9334eba60448190c21b3) Importer(815301076,1909f56bfc062723c751e8b465ee728b)  -> (artifact id: 'c386cdced9e1e7b6a3b2054ab6d200de') in 0.013759 seconds 
========================================================================
Received Import Request.
  Time since last request: 8.611294 seconds.
  path: Assets/Shaders/Water.shader
  artifactKey: Guid(1996018eccbe5bb4bb8277baee11e381) Importer(815301076,1909f56bfc062723c751e8b465ee728b)
Start importing Assets/Shaders/Water.shader using Guid(1996018eccbe5bb4bb8277baee11e381) Importer(815301076,1909f56bfc062723c751e8b465ee728b)  -> (artifact id: '614a738bb64fb018aa7e30f1dc4e6924') in 0.027979 seconds 
========================================================================
Received Import Request.
  Time since last request: 188.894363 seconds.
  path: Assets/Shaders/Water.shader
  artifactKey: Guid(1996018eccbe5bb4bb8277baee11e381) Importer(815301076,1909f56bfc062723c751e8b465ee728b)
Start importing Assets/Shaders/Water.shader using Guid(1996018eccbe5bb4bb8277baee11e381) Importer(815301076,1909f56bfc062723c751e8b465ee728b)  -> (artifact id: 'bd68b5a66c1690c443e0fb3c86594954') in 0.008819 seconds 
========================================================================
Received Import Request.
  Time since last request: 12.864454 seconds.
  path: Assets/Shaders/Water.mat
  artifactKey: Guid(db2207074b6bcea4f9187e903e79d6cd) Importer(815301076,1909f56bfc062723c751e8b465ee728b)
Start importing Assets/Shaders/Water.mat using Guid(db2207074b6bcea4f9187e903e79d6cd) Importer(815301076,1909f56bfc062723c751e8b465ee728b)  -> (artifact id: 'cc89d522c80575e4c4ce6555a55f09bd') in 0.189471 seconds 
========================================================================
Received Import Request.
  Time since last request: 458.149065 seconds.
  path: Assets/photo-1476897017502-219c9169bd6f.jpg
  artifactKey: Guid(62f354fe3fcc86a4fa484ca4347c99bb) Importer(815301076,1909f56bfc062723c751e8b465ee728b)
Start importing Assets/photo-1476897017502-219c9169bd6f.jpg using Guid(62f354fe3fcc86a4fa484ca4347c99bb) Importer(815301076,1909f56bfc062723c751e8b465ee728b)  -> (artifact id: '74109a919c0dd797c276cbf0851e6b8d') in 0.090362 seconds 
========================================================================
Received Import Request.
  Time since last request: 73.575562 seconds.
  path: Assets/Materials
  artifactKey: Guid(47f115daca868fa4ca4aeafd787ca062) Importer(815301076,1909f56bfc062723c751e8b465ee728b)
Start importing Assets/Materials using Guid(47f115daca868fa4ca4aeafd787ca062) Importer(815301076,1909f56bfc062723c751e8b465ee728b)  -> (artifact id: 'f6667192aef847504cd5567897d32048') in 0.020382 seconds 
========================================================================
Received Import Request.
  Time since last request: 924.901545 seconds.
  path: Assets/Lowpoly paper boats
  artifactKey: Guid(07925ad282b118c4fb0b18f6d3894e7a) Importer(815301076,1909f56bfc062723c751e8b465ee728b)
Start importing Assets/Lowpoly paper boats using Guid(07925ad282b118c4fb0b18f6d3894e7a) Importer(815301076,1909f56bfc062723c751e8b465ee728b)  -> (artifact id: '6a5cf41827fc394875023d223544fbc1') in 0.013625 seconds 
========================================================================
Received Import Request.
  Time since last request: 2.717239 seconds.
  path: Assets/Lowpoly paper boats/mesh
  artifactKey: Guid(6e778c740ed32414990584711fc7acb7) Importer(815301076,1909f56bfc062723c751e8b465ee728b)
Start importing Assets/Lowpoly paper boats/mesh using Guid(6e778c740ed32414990584711fc7acb7) Importer(815301076,1909f56bfc062723c751e8b465ee728b)  -> (artifact id: '23c6180bea3d33c7ef3149ef578280f6') in 0.013156 seconds 
========================================================================
Received Import Request.
  Time since last request: 0.008162 seconds.
  path: Assets/Lowpoly paper boats/mesh/birda.fbx
  artifactKey: Guid(738eaeebefab1b94387fa4b28fd8aea6) Importer(815301076,1909f56bfc062723c751e8b465ee728b)
Start importing Assets/Lowpoly paper boats/mesh/birda.fbx using Guid(738eaeebefab1b94387fa4b28fd8aea6) Importer(815301076,1909f56bfc062723c751e8b465ee728b)  -> (artifact id: 'd084be66ebb6d0775874e31467aba6f2') in 0.238535 seconds 
========================================================================
Received Import Request.
  Time since last request: 155.230489 seconds.
  path: Assets/Shaders/Shader.shader
  artifactKey: Guid(0dd9a3e283eb4df46aaf241659059115) Importer(815301076,1909f56bfc062723c751e8b465ee728b)
Start importing Assets/Shaders/Shader.shader using Guid(0dd9a3e283eb4df46aaf241659059115) Importer(815301076,1909f56bfc062723c751e8b465ee728b)  -> (artifact id: '7b500a85e05e9c3095c50912817cda88') in 0.007451 seconds 
========================================================================
Received Import Request.
  Time since last request: 2.924639 seconds.
  path: Assets/Materials/Water.mat
  artifactKey: Guid(db2207074b6bcea4f9187e903e79d6cd) Importer(815301076,1909f56bfc062723c751e8b465ee728b)
Start importing Assets/Materials/Water.mat using Guid(db2207074b6bcea4f9187e903e79d6cd) Importer(815301076,1909f56bfc062723c751e8b465ee728b)  -> (artifact id: '6b6f069021c07bea0bf9ec4a46460542') in 0.021443 seconds 
========================================================================
Received Import Request.
  Time since last request: 9.575363 seconds.
  path: Assets/Shaders/StandardToonPBR.shader
  artifactKey: Guid(b0331c474fc096d448458edc048c146b) Importer(815301076,1909f56bfc062723c751e8b465ee728b)
Start importing Assets/Shaders/StandardToonPBR.shader using Guid(b0331c474fc096d448458edc048c146b) Importer(815301076,1909f56bfc062723c751e8b465ee728b)  -> (artifact id: '58d65ff786f811a7b6fd4f00f4d10bb6') in 0.007695 seconds 
========================================================================
Received Import Request.
  Time since last request: 238.030467 seconds.
  path: Assets
  artifactKey: Guid(00000000000000001000000000000000) Importer(815301076,1909f56bfc062723c751e8b465ee728b)
Start importing Assets using Guid(00000000000000001000000000000000) Importer(815301076,1909f56bfc062723c751e8b465ee728b)  -> (artifact id: '79842766b460edbeab6a34051e857a80') in 0.009999 seconds 
========================================================================
Received Import Request.
  Time since last request: 5.015937 seconds.
  path: Assets/Scripts
  artifactKey: Guid(c79fdd04b8a570f4393e23194bd11690) Importer(815301076,1909f56bfc062723c751e8b465ee728b)
Start importing Assets/Scripts using Guid(c79fdd04b8a570f4393e23194bd11690) Importer(815301076,1909f56bfc062723c751e8b465ee728b)  -> (artifact id: '98e90f0d7d8cbd74735c7ea6ecf6ce36') in 0.025185 seconds 
========================================================================
Received Import Request.
  Time since last request: 9.158186 seconds.
  path: Assets/Scripts/Boat Movement.cs
  artifactKey: Guid(848f15ec910d1884dba69b4cd59ffc3d) Importer(815301076,1909f56bfc062723c751e8b465ee728b)
Start importing Assets/Scripts/Boat Movement.cs using Guid(848f15ec910d1884dba69b4cd59ffc3d) Importer(815301076,1909f56bfc062723c751e8b465ee728b)  -> (artifact id: '1f5019f9b0ce01be0d400874aa9fb2ec') in 0.010801 seconds 
========================================================================
Received Prepare
Registering precompiled user dll's ...
Registered in 0.005071 seconds.
Begin MonoManager ReloadAssembly
Symbol file LoadedFromMemory doesn't match image C:\Users\farha\OneDrive\Desktop\Desktop\backup Stuff\Individual-Ass2\IND-ASS2\Library\PackageCache\com.unity.visualscripting@1.7.8\Editor\VisualScripting.Core\Dependencies\YamlDotNet\Unity.VisualScripting.YamlDotNet.dll
Symbol file LoadedFromMemory doesn't match image C:\Users\farha\OneDrive\Desktop\Desktop\backup Stuff\Individual-Ass2\IND-ASS2\Library\PackageCache\com.unity.visualscripting@1.7.8\Editor\VisualScripting.Core\Dependencies\DotNetZip\Unity.VisualScripting.IonicZip.dll
Native extension for WindowsStandalone target not found
Native extension for WebGL target not found
Refreshing native plugins compatible for Editor in 0.58 ms, found 3 plugins.
Preloading 0 native plugins for Editor in 0.00 ms.
Mono: successfully reloaded assembly
- Completed reload, in  1.108 seconds
Domain Reload Profiling:
	ReloadAssembly (1108ms)
		BeginReloadAssembly (159ms)
			ExecutionOrderSort (0ms)
			DisableScriptedObjects (5ms)
			BackupInstance (0ms)
			ReleaseScriptingObjects (0ms)
			CreateAndSetChildDomain (38ms)
		EndReloadAssembly (837ms)
			LoadAssemblies (123ms)
			RebuildTransferFunctionScriptingTraits (0ms)
			SetupTypeCache (298ms)
			ReleaseScriptCaches (1ms)
			RebuildScriptCaches (48ms)
			SetupLoadedEditorAssemblies (351ms)
				LogAssemblyErrors (0ms)
				InitializePlatformSupportModulesInManaged (14ms)
				SetLoadedEditorAssemblies (0ms)
				RefreshPlugins (1ms)
				BeforeProcessingInitializeOnLoad (68ms)
				ProcessInitializeOnLoadAttributes (228ms)
				ProcessInitializeOnLoadMethodAttributes (33ms)
				AfterProcessingInitializeOnLoad (6ms)
				EditorAssembliesLoaded (0ms)
			ExecutionOrderSort2 (0ms)
			AwakeInstancesAfterBackupRestoration (6ms)
Platform modules already initialized, skipping
Script is not up to date after domain reload: guid(c25431b03b0ba6040839f521eaababfe) path("Assets/Scripts/BaotMovement.cs") state(2)
Refreshing native plugins compatible for Editor in 3.58 ms, found 3 plugins.
Preloading 0 native plugins for Editor in 0.00 ms.
Unloading 3347 Unused Serialized files (Serialized files now loaded: 0)
Unloading 22 unused Assets / (151.9 KB). Loaded Objects now: 3874.
Memory consumption went from 126.8 MB to 126.7 MB.
Total: 3.515700 ms (FindLiveObjects: 0.296100 ms CreateObjectMapping: 0.215400 ms MarkObjects: 2.858400 ms  DeleteObjects: 0.144800 ms)

AssetImportParameters requested are different than current active one (requested -> active):
  custom:video-decoder-ogg-theora: a1e56fd34408186e4bbccfd4996cb3dc -> 
  custom:container-muxer-webm: aa71ff27fc2769a1b78a27578f13a17b -> 
  custom:container-demuxer-webm: 4f35f7cbe854078d1ac9338744f61a02 -> 
  custom:video-encoder-webm-vp8: eb34c28f22e8b96e1ab97ce403110664 -> 
  custom:video-codec-MediaFoundation-h265: 746d11721c4dcdbdad8f713fa42b33f4 -> 
  custom:audio-encoder-webm-vorbis: bf7c407c2cedff20999df2af8eb42d56 -> 
  custom:framework-win-MediaFoundation: 216162199b28c13a410421893ffa2e32 -> 
  custom:container-demuxer-ogg: 62fdf1f143b41e24485cea50d1cbac27 -> 
  custom:video-decoder-webm-vp8: 9c59270c3fd7afecdb556c50c9e8de78 -> 
  custom:audio-decoder-ogg-vorbis: bf7c407c2cedff20999df2af8eb42d56 -> 
========================================================================
Received Import Request.
  Time since last request: 36.281074 seconds.
  path: Assets/Scripts/BaotMovement.cs
  artifactKey: Guid(c25431b03b0ba6040839f521eaababfe) Importer(815301076,1909f56bfc062723c751e8b465ee728b)
Start importing Assets/Scripts/BaotMovement.cs using Guid(c25431b03b0ba6040839f521eaababfe) Importer(815301076,1909f56bfc062723c751e8b465ee728b)  -> (artifact id: 'cae80e5693597cbb1b060289b5fb496d') in 0.013535 seconds 
========================================================================
Received Import Request.
  Time since last request: 47.867375 seconds.
  path: Assets/Scripts/BaotMovement.cs
  artifactKey: Guid(c25431b03b0ba6040839f521eaababfe) Importer(815301076,1909f56bfc062723c751e8b465ee728b)
Start importing Assets/Scripts/BaotMovement.cs using Guid(c25431b03b0ba6040839f521eaababfe) Importer(815301076,1909f56bfc062723c751e8b465ee728b)  -> (artifact id: '641cf9c3d8da75dc89049df2e265cf11') in 0.001975 seconds 
========================================================================
Received Prepare
Registering precompiled user dll's ...
Registered in 0.005313 seconds.
Begin MonoManager ReloadAssembly
Symbol file LoadedFromMemory doesn't match image C:\Users\farha\OneDrive\Desktop\Desktop\backup Stuff\Individual-Ass2\IND-ASS2\Library\PackageCache\com.unity.visualscripting@1.7.8\Editor\VisualScripting.Core\Dependencies\YamlDotNet\Unity.VisualScripting.YamlDotNet.dll
Symbol file LoadedFromMemory doesn't match image C:\Users\farha\OneDrive\Desktop\Desktop\backup Stuff\Individual-Ass2\IND-ASS2\Library\PackageCache\com.unity.visualscripting@1.7.8\Editor\VisualScripting.Core\Dependencies\DotNetZip\Unity.VisualScripting.IonicZip.dll
Native extension for WindowsStandalone target not found
Native extension for WebGL target not found
Refreshing native plugins compatible for Editor in 0.56 ms, found 3 plugins.
Preloading 0 native plugins for Editor in 0.00 ms.
Mono: successfully reloaded assembly
- Completed reload, in  1.082 seconds
Domain Reload Profiling:
	ReloadAssembly (1083ms)
		BeginReloadAssembly (131ms)
			ExecutionOrderSort (0ms)
			DisableScriptedObjects (6ms)
			BackupInstance (0ms)
			ReleaseScriptingObjects (0ms)
			CreateAndSetChildDomain (36ms)
		EndReloadAssembly (844ms)
			LoadAssemblies (80ms)
			RebuildTransferFunctionScriptingTraits (0ms)
			SetupTypeCache (312ms)
			ReleaseScriptCaches (1ms)
			RebuildScriptCaches (43ms)
			SetupLoadedEditorAssemblies (356ms)
				LogAssemblyErrors (0ms)
				InitializePlatformSupportModulesInManaged (14ms)
				SetLoadedEditorAssemblies (0ms)
				RefreshPlugins (1ms)
				BeforeProcessingInitializeOnLoad (70ms)
				ProcessInitializeOnLoadAttributes (228ms)
				ProcessInitializeOnLoadMethodAttributes (36ms)
				AfterProcessingInitializeOnLoad (7ms)
				EditorAssembliesLoaded (0ms)
			ExecutionOrderSort2 (0ms)
			AwakeInstancesAfterBackupRestoration (7ms)
Platform modules already initialized, skipping
Refreshing native plugins compatible for Editor in 2.64 ms, found 3 plugins.
Preloading 0 native plugins for Editor in 0.00 ms.
Unloading 3347 Unused Serialized files (Serialized files now loaded: 0)
Unloading 22 unused Assets / (151.8 KB). Loaded Objects now: 3878.
Memory consumption went from 126.8 MB to 126.6 MB.
Total: 3.325900 ms (FindLiveObjects: 0.322600 ms CreateObjectMapping: 0.298600 ms MarkObjects: 2.596800 ms  DeleteObjects: 0.106800 ms)

AssetImportParameters requested are different than current active one (requested -> active):
  custom:video-decoder-ogg-theora: a1e56fd34408186e4bbccfd4996cb3dc -> 
  custom:container-muxer-webm: aa71ff27fc2769a1b78a27578f13a17b -> 
  custom:container-demuxer-webm: 4f35f7cbe854078d1ac9338744f61a02 -> 
  custom:video-encoder-webm-vp8: eb34c28f22e8b96e1ab97ce403110664 -> 
  custom:video-codec-MediaFoundation-h265: 746d11721c4dcdbdad8f713fa42b33f4 -> 
  custom:audio-encoder-webm-vorbis: bf7c407c2cedff20999df2af8eb42d56 -> 
  custom:framework-win-MediaFoundation: 216162199b28c13a410421893ffa2e32 -> 
  custom:container-demuxer-ogg: 62fdf1f143b41e24485cea50d1cbac27 -> 
  custom:video-decoder-webm-vp8: 9c59270c3fd7afecdb556c50c9e8de78 -> 
  custom:audio-decoder-ogg-vorbis: bf7c407c2cedff20999df2af8eb42d56 -> 
========================================================================
Received Prepare
Registering precompiled user dll's ...
Registered in 0.006576 seconds.
Begin MonoManager ReloadAssembly
Symbol file LoadedFromMemory doesn't match image C:\Users\farha\OneDrive\Desktop\Desktop\backup Stuff\Individual-Ass2\IND-ASS2\Library\PackageCache\com.unity.visualscripting@1.7.8\Editor\VisualScripting.Core\Dependencies\YamlDotNet\Unity.VisualScripting.YamlDotNet.dll
Symbol file LoadedFromMemory doesn't match image C:\Users\farha\OneDrive\Desktop\Desktop\backup Stuff\Individual-Ass2\IND-ASS2\Library\PackageCache\com.unity.visualscripting@1.7.8\Editor\VisualScripting.Core\Dependencies\DotNetZip\Unity.VisualScripting.IonicZip.dll
Native extension for WindowsStandalone target not found
Native extension for WebGL target not found
Refreshing native plugins compatible for Editor in 0.77 ms, found 3 plugins.
Preloading 0 native plugins for Editor in 0.00 ms.
Mono: successfully reloaded assembly
- Completed reload, in  1.167 seconds
Domain Reload Profiling:
	ReloadAssembly (1168ms)
		BeginReloadAssembly (132ms)
			ExecutionOrderSort (0ms)
			DisableScriptedObjects (6ms)
			BackupInstance (0ms)
			ReleaseScriptingObjects (0ms)
			CreateAndSetChildDomain (35ms)
		EndReloadAssembly (912ms)
			LoadAssemblies (80ms)
			RebuildTransferFunctionScriptingTraits (0ms)
			SetupTypeCache (310ms)
			ReleaseScriptCaches (1ms)
			RebuildScriptCaches (55ms)
			SetupLoadedEditorAssemblies (398ms)
				LogAssemblyErrors (0ms)
				InitializePlatformSupportModulesInManaged (16ms)
				SetLoadedEditorAssemblies (1ms)
				RefreshPlugins (1ms)
				BeforeProcessingInitializeOnLoad (78ms)
				ProcessInitializeOnLoadAttributes (258ms)
				ProcessInitializeOnLoadMethodAttributes (37ms)
				AfterProcessingInitializeOnLoad (8ms)
				EditorAssembliesLoaded (0ms)
			ExecutionOrderSort2 (0ms)
			AwakeInstancesAfterBackupRestoration (11ms)
Platform modules already initialized, skipping
Refreshing native plugins compatible for Editor in 2.98 ms, found 3 plugins.
Preloading 0 native plugins for Editor in 0.00 ms.
Unloading 3347 Unused Serialized files (Serialized files now loaded: 0)
Unloading 22 unused Assets / (151.7 KB). Loaded Objects now: 3881.
Memory consumption went from 126.8 MB to 126.6 MB.
Total: 4.675300 ms (FindLiveObjects: 0.519100 ms CreateObjectMapping: 0.365800 ms MarkObjects: 3.626200 ms  DeleteObjects: 0.162200 ms)

AssetImportParameters requested are different than current active one (requested -> active):
  custom:video-decoder-ogg-theora: a1e56fd34408186e4bbccfd4996cb3dc -> 
  custom:container-muxer-webm: aa71ff27fc2769a1b78a27578f13a17b -> 
  custom:container-demuxer-webm: 4f35f7cbe854078d1ac9338744f61a02 -> 
  custom:video-encoder-webm-vp8: eb34c28f22e8b96e1ab97ce403110664 -> 
  custom:video-codec-MediaFoundation-h265: 746d11721c4dcdbdad8f713fa42b33f4 -> 
  custom:audio-encoder-webm-vorbis: bf7c407c2cedff20999df2af8eb42d56 -> 
  custom:framework-win-MediaFoundation: 216162199b28c13a410421893ffa2e32 -> 
  custom:container-demuxer-ogg: 62fdf1f143b41e24485cea50d1cbac27 -> 
  custom:video-decoder-webm-vp8: 9c59270c3fd7afecdb556c50c9e8de78 -> 
  custom:audio-decoder-ogg-vorbis: bf7c407c2cedff20999df2af8eb42d56 -> 
========================================================================
Received Prepare
Registering precompiled user dll's ...
Registered in 0.007718 seconds.
Begin MonoManager ReloadAssembly
Symbol file LoadedFromMemory doesn't match image C:\Users\farha\OneDrive\Desktop\Desktop\backup Stuff\Individual-Ass2\IND-ASS2\Library\PackageCache\com.unity.visualscripting@1.7.8\Editor\VisualScripting.Core\Dependencies\YamlDotNet\Unity.VisualScripting.YamlDotNet.dll
Symbol file LoadedFromMemory doesn't match image C:\Users\farha\OneDrive\Desktop\Desktop\backup Stuff\Individual-Ass2\IND-ASS2\Library\PackageCache\com.unity.visualscripting@1.7.8\Editor\VisualScripting.Core\Dependencies\DotNetZip\Unity.VisualScripting.IonicZip.dll
Native extension for WindowsStandalone target not found
Native extension for WebGL target not found
Refreshing native plugins compatible for Editor in 0.62 ms, found 3 plugins.
Preloading 0 native plugins for Editor in 0.00 ms.
Mono: successfully reloaded assembly
- Completed reload, in  1.222 seconds
Domain Reload Profiling:
	ReloadAssembly (1223ms)
		BeginReloadAssembly (135ms)
			ExecutionOrderSort (0ms)
			DisableScriptedObjects (6ms)
			BackupInstance (0ms)
			ReleaseScriptingObjects (0ms)
			CreateAndSetChildDomain (34ms)
		EndReloadAssembly (969ms)
			LoadAssemblies (84ms)
			RebuildTransferFunctionScriptingTraits (0ms)
			SetupTypeCache (369ms)
			ReleaseScriptCaches (2ms)
			RebuildScriptCaches (61ms)
			SetupLoadedEditorAssemblies (392ms)
				LogAssemblyErrors (0ms)
				InitializePlatformSupportModulesInManaged (15ms)
				SetLoadedEditorAssemblies (1ms)
				RefreshPlugins (1ms)
				BeforeProcessingInitializeOnLoad (76ms)
				ProcessInitializeOnLoadAttributes (256ms)
				ProcessInitializeOnLoadMethodAttributes (37ms)
				AfterProcessingInitializeOnLoad (7ms)
				EditorAssembliesLoaded (0ms)
			ExecutionOrderSort2 (0ms)
			AwakeInstancesAfterBackupRestoration (7ms)
Platform modules already initialized, skipping
Refreshing native plugins compatible for Editor in 2.93 ms, found 3 plugins.
Preloading 0 native plugins for Editor in 0.00 ms.
Unloading 3347 Unused Serialized files (Serialized files now loaded: 0)
Unloading 22 unused Assets / (151.8 KB). Loaded Objects now: 3884.
Memory consumption went from 126.8 MB to 126.6 MB.
Total: 4.430400 ms (FindLiveObjects: 0.356400 ms CreateObjectMapping: 0.282500 ms MarkObjects: 3.634200 ms  DeleteObjects: 0.155900 ms)

AssetImportParameters requested are different than current active one (requested -> active):
  custom:video-decoder-ogg-theora: a1e56fd34408186e4bbccfd4996cb3dc -> 
  custom:container-muxer-webm: aa71ff27fc2769a1b78a27578f13a17b -> 
  custom:container-demuxer-webm: 4f35f7cbe854078d1ac9338744f61a02 -> 
  custom:video-encoder-webm-vp8: eb34c28f22e8b96e1ab97ce403110664 -> 
  custom:video-codec-MediaFoundation-h265: 746d11721c4dcdbdad8f713fa42b33f4 -> 
  custom:audio-encoder-webm-vorbis: bf7c407c2cedff20999df2af8eb42d56 -> 
  custom:framework-win-MediaFoundation: 216162199b28c13a410421893ffa2e32 -> 
  custom:container-demuxer-ogg: 62fdf1f143b41e24485cea50d1cbac27 -> 
  custom:video-decoder-webm-vp8: 9c59270c3fd7afecdb556c50c9e8de78 -> 
  custom:audio-decoder-ogg-vorbis: bf7c407c2cedff20999df2af8eb42d56 -> 
========================================================================
Received Prepare
Registering precompiled user dll's ...
Registered in 0.004944 seconds.
Begin MonoManager ReloadAssembly
Symbol file LoadedFromMemory doesn't match image C:\Users\farha\OneDrive\Desktop\Desktop\backup Stuff\Individual-Ass2\IND-ASS2\Library\PackageCache\com.unity.visualscripting@1.7.8\Editor\VisualScripting.Core\Dependencies\YamlDotNet\Unity.VisualScripting.YamlDotNet.dll
Symbol file LoadedFromMemory doesn't match image C:\Users\farha\OneDrive\Desktop\Desktop\backup Stuff\Individual-Ass2\IND-ASS2\Library\PackageCache\com.unity.visualscripting@1.7.8\Editor\VisualScripting.Core\Dependencies\DotNetZip\Unity.VisualScripting.IonicZip.dll
Native extension for WindowsStandalone target not found
Native extension for WebGL target not found
Refreshing native plugins compatible for Editor in 0.81 ms, found 3 plugins.
Preloading 0 native plugins for Editor in 0.00 ms.
Mono: successfully reloaded assembly
- Completed reload, in  1.150 seconds
Domain Reload Profiling:
	ReloadAssembly (1151ms)
		BeginReloadAssembly (136ms)
			ExecutionOrderSort (0ms)
			DisableScriptedObjects (6ms)
			BackupInstance (0ms)
			ReleaseScriptingObjects (0ms)
			CreateAndSetChildDomain (40ms)
		EndReloadAssembly (891ms)
			LoadAssemblies (81ms)
			RebuildTransferFunctionScriptingTraits (0ms)
			SetupTypeCache (294ms)
			ReleaseScriptCaches (2ms)
			RebuildScriptCaches (57ms)
			SetupLoadedEditorAssemblies (390ms)
				LogAssemblyErrors (0ms)
				InitializePlatformSupportModulesInManaged (16ms)
				SetLoadedEditorAssemblies (1ms)
				RefreshPlugins (1ms)
				BeforeProcessingInitializeOnLoad (78ms)
				ProcessInitializeOnLoadAttributes (252ms)
				ProcessInitializeOnLoadMethodAttributes (35ms)
				AfterProcessingInitializeOnLoad (7ms)
				EditorAssembliesLoaded (0ms)
			ExecutionOrderSort2 (0ms)
			AwakeInstancesAfterBackupRestoration (9ms)
Platform modules already initialized, skipping
Refreshing native plugins compatible for Editor in 2.45 ms, found 3 plugins.
Preloading 0 native plugins for Editor in 0.00 ms.
Unloading 3347 Unused Serialized files (Serialized files now loaded: 0)
Unloading 22 unused Assets / (151.8 KB). Loaded Objects now: 3887.
Memory consumption went from 126.8 MB to 126.6 MB.
Total: 4.675900 ms (FindLiveObjects: 0.275100 ms CreateObjectMapping: 0.314400 ms MarkObjects: 3.934600 ms  DeleteObjects: 0.150500 ms)

AssetImportParameters requested are different than current active one (requested -> active):
  custom:video-decoder-ogg-theora: a1e56fd34408186e4bbccfd4996cb3dc -> 
  custom:container-muxer-webm: aa71ff27fc2769a1b78a27578f13a17b -> 
  custom:container-demuxer-webm: 4f35f7cbe854078d1ac9338744f61a02 -> 
  custom:video-encoder-webm-vp8: eb34c28f22e8b96e1ab97ce403110664 -> 
  custom:video-codec-MediaFoundation-h265: 746d11721c4dcdbdad8f713fa42b33f4 -> 
  custom:audio-encoder-webm-vorbis: bf7c407c2cedff20999df2af8eb42d56 -> 
  custom:framework-win-MediaFoundation: 216162199b28c13a410421893ffa2e32 -> 
  custom:container-demuxer-ogg: 62fdf1f143b41e24485cea50d1cbac27 -> 
  custom:video-decoder-webm-vp8: 9c59270c3fd7afecdb556c50c9e8de78 -> 
  custom:audio-decoder-ogg-vorbis: bf7c407c2cedff20999df2af8eb42d56 -> 
========================================================================
Received Import Request.
  Time since last request: 69.525453 seconds.
  path: ProjectSettings/TagManager.asset
  artifactKey: Guid(00000000000000003000000000000000) Importer(815301076,1909f56bfc062723c751e8b465ee728b)
Start importing ProjectSettings/TagManager.asset using Guid(00000000000000003000000000000000) Importer(815301076,1909f56bfc062723c751e8b465ee728b)  -> (artifact id: '5f74b9f0782f3ffe8a654b2b60a9f33c') in 0.024770 seconds 
========================================================================
Received Prepare
Registering precompiled user dll's ...
Registered in 0.005654 seconds.
Begin MonoManager ReloadAssembly
Symbol file LoadedFromMemory doesn't match image C:\Users\farha\OneDrive\Desktop\Desktop\backup Stuff\Individual-Ass2\IND-ASS2\Library\PackageCache\com.unity.visualscripting@1.7.8\Editor\VisualScripting.Core\Dependencies\YamlDotNet\Unity.VisualScripting.YamlDotNet.dll
Symbol file LoadedFromMemory doesn't match image C:\Users\farha\OneDrive\Desktop\Desktop\backup Stuff\Individual-Ass2\IND-ASS2\Library\PackageCache\com.unity.visualscripting@1.7.8\Editor\VisualScripting.Core\Dependencies\DotNetZip\Unity.VisualScripting.IonicZip.dll
Native extension for WindowsStandalone target not found
Native extension for WebGL target not found
Refreshing native plugins compatible for Editor in 0.63 ms, found 3 plugins.
Preloading 0 native plugins for Editor in 0.00 ms.
Mono: successfully reloaded assembly
- Completed reload, in  1.154 seconds
Domain Reload Profiling:
	ReloadAssembly (1155ms)
		BeginReloadAssembly (141ms)
			ExecutionOrderSort (0ms)
			DisableScriptedObjects (6ms)
			BackupInstance (0ms)
			ReleaseScriptingObjects (0ms)
			CreateAndSetChildDomain (41ms)
		EndReloadAssembly (913ms)
			LoadAssemblies (83ms)
			RebuildTransferFunctionScriptingTraits (0ms)
			SetupTypeCache (317ms)
			ReleaseScriptCaches (1ms)
			RebuildScriptCaches (48ms)
			SetupLoadedEditorAssemblies (409ms)
				LogAssemblyErrors (0ms)
				InitializePlatformSupportModulesInManaged (16ms)
				SetLoadedEditorAssemblies (1ms)
				RefreshPlugins (1ms)
				BeforeProcessingInitializeOnLoad (78ms)
				ProcessInitializeOnLoadAttributes (263ms)
				ProcessInitializeOnLoadMethodAttributes (42ms)
				AfterProcessingInitializeOnLoad (8ms)
				EditorAssembliesLoaded (0ms)
			ExecutionOrderSort2 (0ms)
			AwakeInstancesAfterBackupRestoration (7ms)
Platform modules already initialized, skipping
Refreshing native plugins compatible for Editor in 3.10 ms, found 3 plugins.
Preloading 0 native plugins for Editor in 0.00 ms.
Unloading 3347 Unused Serialized files (Serialized files now loaded: 0)
Unloading 23 unused Assets / (151.7 KB). Loaded Objects now: 3890.
Memory consumption went from 126.8 MB to 126.7 MB.
Total: 4.954400 ms (FindLiveObjects: 0.334700 ms CreateObjectMapping: 0.201400 ms MarkObjects: 4.273600 ms  DeleteObjects: 0.143600 ms)

AssetImportParameters requested are different than current active one (requested -> active):
  custom:video-decoder-ogg-theora: a1e56fd34408186e4bbccfd4996cb3dc -> 
  custom:container-muxer-webm: aa71ff27fc2769a1b78a27578f13a17b -> 
  custom:container-demuxer-webm: 4f35f7cbe854078d1ac9338744f61a02 -> 
  custom:video-encoder-webm-vp8: eb34c28f22e8b96e1ab97ce403110664 -> 
  custom:video-codec-MediaFoundation-h265: 746d11721c4dcdbdad8f713fa42b33f4 -> 
  custom:audio-encoder-webm-vorbis: bf7c407c2cedff20999df2af8eb42d56 -> 
  custom:framework-win-MediaFoundation: 216162199b28c13a410421893ffa2e32 -> 
  custom:container-demuxer-ogg: 62fdf1f143b41e24485cea50d1cbac27 -> 
  custom:video-decoder-webm-vp8: 9c59270c3fd7afecdb556c50c9e8de78 -> 
  custom:audio-decoder-ogg-vorbis: bf7c407c2cedff20999df2af8eb42d56 -> 
========================================================================
Received Prepare
Registering precompiled user dll's ...
Registered in 0.005571 seconds.
Begin MonoManager ReloadAssembly
Symbol file LoadedFromMemory doesn't match image C:\Users\farha\OneDrive\Desktop\Desktop\backup Stuff\Individual-Ass2\IND-ASS2\Library\PackageCache\com.unity.visualscripting@1.7.8\Editor\VisualScripting.Core\Dependencies\YamlDotNet\Unity.VisualScripting.YamlDotNet.dll
Symbol file LoadedFromMemory doesn't match image C:\Users\farha\OneDrive\Desktop\Desktop\backup Stuff\Individual-Ass2\IND-ASS2\Library\PackageCache\com.unity.visualscripting@1.7.8\Editor\VisualScripting.Core\Dependencies\DotNetZip\Unity.VisualScripting.IonicZip.dll
Native extension for WindowsStandalone target not found
Native extension for WebGL target not found
Refreshing native plugins compatible for Editor in 1.22 ms, found 3 plugins.
Preloading 0 native plugins for Editor in 0.00 ms.
Mono: successfully reloaded assembly
- Completed reload, in  1.321 seconds
Domain Reload Profiling:
	ReloadAssembly (1322ms)
		BeginReloadAssembly (155ms)
			ExecutionOrderSort (0ms)
			DisableScriptedObjects (7ms)
			BackupInstance (0ms)
			ReleaseScriptingObjects (0ms)
			CreateAndSetChildDomain (46ms)
		EndReloadAssembly (1058ms)
			LoadAssemblies (90ms)
			RebuildTransferFunctionScriptingTraits (0ms)
			SetupTypeCache (348ms)
			ReleaseScriptCaches (1ms)
			RebuildScriptCaches (58ms)
			SetupLoadedEditorAssemblies (482ms)
				LogAssemblyErrors (0ms)
				InitializePlatformSupportModulesInManaged (22ms)
				SetLoadedEditorAssemblies (1ms)
				RefreshPlugins (1ms)
				BeforeProcessingInitializeOnLoad (102ms)
				ProcessInitializeOnLoadAttributes (310ms)
				ProcessInitializeOnLoadMethodAttributes (38ms)
				AfterProcessingInitializeOnLoad (7ms)
				EditorAssembliesLoaded (0ms)
			ExecutionOrderSort2 (0ms)
			AwakeInstancesAfterBackupRestoration (7ms)
Platform modules already initialized, skipping
Refreshing native plugins compatible for Editor in 2.68 ms, found 3 plugins.
Preloading 0 native plugins for Editor in 0.00 ms.
Unloading 3347 Unused Serialized files (Serialized files now loaded: 0)
Unloading 22 unused Assets / (151.7 KB). Loaded Objects now: 3893.
Memory consumption went from 126.8 MB to 126.7 MB.
Total: 4.700600 ms (FindLiveObjects: 0.411400 ms CreateObjectMapping: 0.370100 ms MarkObjects: 3.768200 ms  DeleteObjects: 0.149600 ms)

AssetImportParameters requested are different than current active one (requested -> active):
  custom:video-decoder-ogg-theora: a1e56fd34408186e4bbccfd4996cb3dc -> 
  custom:container-muxer-webm: aa71ff27fc2769a1b78a27578f13a17b -> 
  custom:container-demuxer-webm: 4f35f7cbe854078d1ac9338744f61a02 -> 
  custom:video-encoder-webm-vp8: eb34c28f22e8b96e1ab97ce403110664 -> 
  custom:video-codec-MediaFoundation-h265: 746d11721c4dcdbdad8f713fa42b33f4 -> 
  custom:audio-encoder-webm-vorbis: bf7c407c2cedff20999df2af8eb42d56 -> 
  custom:framework-win-MediaFoundation: 216162199b28c13a410421893ffa2e32 -> 
  custom:container-demuxer-ogg: 62fdf1f143b41e24485cea50d1cbac27 -> 
  custom:video-decoder-webm-vp8: 9c59270c3fd7afecdb556c50c9e8de78 -> 
  custom:audio-decoder-ogg-vorbis: bf7c407c2cedff20999df2af8eb42d56 -> 
========================================================================
Received Prepare
Registering precompiled user dll's ...
Registered in 0.005881 seconds.
Begin MonoManager ReloadAssembly
Symbol file LoadedFromMemory doesn't match image C:\Users\farha\OneDrive\Desktop\Desktop\backup Stuff\Individual-Ass2\IND-ASS2\Library\PackageCache\com.unity.visualscripting@1.7.8\Editor\VisualScripting.Core\Dependencies\YamlDotNet\Unity.VisualScripting.YamlDotNet.dll
Symbol file LoadedFromMemory doesn't match image C:\Users\farha\OneDrive\Desktop\Desktop\backup Stuff\Individual-Ass2\IND-ASS2\Library\PackageCache\com.unity.visualscripting@1.7.8\Editor\VisualScripting.Core\Dependencies\DotNetZip\Unity.VisualScripting.IonicZip.dll
Native extension for WindowsStandalone target not found
Native extension for WebGL target not found
Refreshing native plugins compatible for Editor in 0.63 ms, found 3 plugins.
Preloading 0 native plugins for Editor in 0.00 ms.
Mono: successfully reloaded assembly
- Completed reload, in  1.291 seconds
Domain Reload Profiling:
	ReloadAssembly (1292ms)
		BeginReloadAssembly (158ms)
			ExecutionOrderSort (0ms)
			DisableScriptedObjects (6ms)
			BackupInstance (0ms)
			ReleaseScriptingObjects (0ms)
			CreateAndSetChildDomain (48ms)
		EndReloadAssembly (1018ms)
			LoadAssemblies (94ms)
			RebuildTransferFunctionScriptingTraits (0ms)
			SetupTypeCache (350ms)
			ReleaseScriptCaches (1ms)
			RebuildScriptCaches (58ms)
			SetupLoadedEditorAssemblies (450ms)
				LogAssemblyErrors (0ms)
				InitializePlatformSupportModulesInManaged (16ms)
				SetLoadedEditorAssemblies (1ms)
				RefreshPlugins (1ms)
				BeforeProcessingInitializeOnLoad (90ms)
				ProcessInitializeOnLoadAttributes (296ms)
				ProcessInitializeOnLoadMethodAttributes (39ms)
				AfterProcessingInitializeOnLoad (8ms)
				EditorAssembliesLoaded (0ms)
			ExecutionOrderSort2 (0ms)
			AwakeInstancesAfterBackupRestoration (8ms)
Platform modules already initialized, skipping
Refreshing native plugins compatible for Editor in 3.10 ms, found 3 plugins.
Preloading 0 native plugins for Editor in 0.00 ms.
Unloading 3347 Unused Serialized files (Serialized files now loaded: 0)
Unloading 22 unused Assets / (151.8 KB). Loaded Objects now: 3896.
Memory consumption went from 126.8 MB to 126.7 MB.
Total: 4.269700 ms (FindLiveObjects: 0.343400 ms CreateObjectMapping: 0.290300 ms MarkObjects: 3.480300 ms  DeleteObjects: 0.154300 ms)

AssetImportParameters requested are different than current active one (requested -> active):
  custom:video-decoder-ogg-theora: a1e56fd34408186e4bbccfd4996cb3dc -> 
  custom:container-muxer-webm: aa71ff27fc2769a1b78a27578f13a17b -> 
  custom:container-demuxer-webm: 4f35f7cbe854078d1ac9338744f61a02 -> 
  custom:video-encoder-webm-vp8: eb34c28f22e8b96e1ab97ce403110664 -> 
  custom:video-codec-MediaFoundation-h265: 746d11721c4dcdbdad8f713fa42b33f4 -> 
  custom:audio-encoder-webm-vorbis: bf7c407c2cedff20999df2af8eb42d56 -> 
  custom:framework-win-MediaFoundation: 216162199b28c13a410421893ffa2e32 -> 
  custom:container-demuxer-ogg: 62fdf1f143b41e24485cea50d1cbac27 -> 
  custom:video-decoder-webm-vp8: 9c59270c3fd7afecdb556c50c9e8de78 -> 
  custom:audio-decoder-ogg-vorbis: bf7c407c2cedff20999df2af8eb42d56 -> 
========================================================================
Received Prepare
Registering precompiled user dll's ...
Registered in 0.005055 seconds.
Begin MonoManager ReloadAssembly
Symbol file LoadedFromMemory doesn't match image C:\Users\farha\OneDrive\Desktop\Desktop\backup Stuff\Individual-Ass2\IND-ASS2\Library\PackageCache\com.unity.visualscripting@1.7.8\Editor\VisualScripting.Core\Dependencies\YamlDotNet\Unity.VisualScripting.YamlDotNet.dll
Symbol file LoadedFromMemory doesn't match image C:\Users\farha\OneDrive\Desktop\Desktop\backup Stuff\Individual-Ass2\IND-ASS2\Library\PackageCache\com.unity.visualscripting@1.7.8\Editor\VisualScripting.Core\Dependencies\DotNetZip\Unity.VisualScripting.IonicZip.dll
Native extension for WindowsStandalone target not found
Native extension for WebGL target not found
Refreshing native plugins compatible for Editor in 0.67 ms, found 3 plugins.
Preloading 0 native plugins for Editor in 0.00 ms.
Mono: successfully reloaded assembly
- Completed reload, in  1.248 seconds
Domain Reload Profiling:
	ReloadAssembly (1249ms)
		BeginReloadAssembly (140ms)
			ExecutionOrderSort (0ms)
			DisableScriptedObjects (7ms)
			BackupInstance (0ms)
			ReleaseScriptingObjects (0ms)
			CreateAndSetChildDomain (38ms)
		EndReloadAssembly (991ms)
			LoadAssemblies (82ms)
			RebuildTransferFunctionScriptingTraits (0ms)
			SetupTypeCache (342ms)
			ReleaseScriptCaches (2ms)
			RebuildScriptCaches (61ms)
			SetupLoadedEditorAssemblies (434ms)
				LogAssemblyErrors (0ms)
				InitializePlatformSupportModulesInManaged (18ms)
				SetLoadedEditorAssemblies (1ms)
				RefreshPlugins (1ms)
				BeforeProcessingInitializeOnLoad (91ms)
				ProcessInitializeOnLoadAttributes (277ms)
				ProcessInitializeOnLoadMethodAttributes (39ms)
				AfterProcessingInitializeOnLoad (8ms)
				EditorAssembliesLoaded (0ms)
			ExecutionOrderSort2 (0ms)
			AwakeInstancesAfterBackupRestoration (7ms)
Platform modules already initialized, skipping
Refreshing native plugins compatible for Editor in 2.87 ms, found 3 plugins.
Preloading 0 native plugins for Editor in 0.00 ms.
Unloading 3347 Unused Serialized files (Serialized files now loaded: 0)
Unloading 22 unused Assets / (151.7 KB). Loaded Objects now: 3899.
Memory consumption went from 126.8 MB to 126.7 MB.
Total: 4.425700 ms (FindLiveObjects: 0.364600 ms CreateObjectMapping: 0.313500 ms MarkObjects: 3.583500 ms  DeleteObjects: 0.162700 ms)

AssetImportParameters requested are different than current active one (requested -> active):
  custom:video-decoder-ogg-theora: a1e56fd34408186e4bbccfd4996cb3dc -> 
  custom:container-muxer-webm: aa71ff27fc2769a1b78a27578f13a17b -> 
  custom:container-demuxer-webm: 4f35f7cbe854078d1ac9338744f61a02 -> 
  custom:video-encoder-webm-vp8: eb34c28f22e8b96e1ab97ce403110664 -> 
  custom:video-codec-MediaFoundation-h265: 746d11721c4dcdbdad8f713fa42b33f4 -> 
  custom:audio-encoder-webm-vorbis: bf7c407c2cedff20999df2af8eb42d56 -> 
  custom:framework-win-MediaFoundation: 216162199b28c13a410421893ffa2e32 -> 
  custom:container-demuxer-ogg: 62fdf1f143b41e24485cea50d1cbac27 -> 
  custom:video-decoder-webm-vp8: 9c59270c3fd7afecdb556c50c9e8de78 -> 
  custom:audio-decoder-ogg-vorbis: bf7c407c2cedff20999df2af8eb42d56 -> 
========================================================================
Received Prepare
Registering precompiled user dll's ...
Registered in 0.006566 seconds.
Begin MonoManager ReloadAssembly
Symbol file LoadedFromMemory doesn't match image C:\Users\farha\OneDrive\Desktop\Desktop\backup Stuff\Individual-Ass2\IND-ASS2\Library\PackageCache\com.unity.visualscripting@1.7.8\Editor\VisualScripting.Core\Dependencies\YamlDotNet\Unity.VisualScripting.YamlDotNet.dll
Symbol file LoadedFromMemory doesn't match image C:\Users\farha\OneDrive\Desktop\Desktop\backup Stuff\Individual-Ass2\IND-ASS2\Library\PackageCache\com.unity.visualscripting@1.7.8\Editor\VisualScripting.Core\Dependencies\DotNetZip\Unity.VisualScripting.IonicZip.dll
Native extension for WindowsStandalone target not found
Native extension for WebGL target not found
Refreshing native plugins compatible for Editor in 1.19 ms, found 3 plugins.
Preloading 0 native plugins for Editor in 0.00 ms.
Mono: successfully reloaded assembly
- Completed reload, in  1.177 seconds
Domain Reload Profiling:
	ReloadAssembly (1178ms)
		BeginReloadAssembly (140ms)
			ExecutionOrderSort (0ms)
			DisableScriptedObjects (7ms)
			BackupInstance (0ms)
			ReleaseScriptingObjects (0ms)
			CreateAndSetChildDomain (32ms)
		EndReloadAssembly (920ms)
			LoadAssemblies (90ms)
			RebuildTransferFunctionScriptingTraits (0ms)
			SetupTypeCache (328ms)
			ReleaseScriptCaches (1ms)
			RebuildScriptCaches (51ms)
			SetupLoadedEditorAssemblies (389ms)
				LogAssemblyErrors (0ms)
				InitializePlatformSupportModulesInManaged (22ms)
				SetLoadedEditorAssemblies (1ms)
				RefreshPlugins (1ms)
				BeforeProcessingInitializeOnLoad (75ms)
				ProcessInitializeOnLoadAttributes (247ms)
				ProcessInitializeOnLoadMethodAttributes (36ms)
				AfterProcessingInitializeOnLoad (7ms)
				EditorAssembliesLoaded (0ms)
			ExecutionOrderSort2 (0ms)
			AwakeInstancesAfterBackupRestoration (10ms)
Platform modules already initialized, skipping
Refreshing native plugins compatible for Editor in 3.39 ms, found 3 plugins.
Preloading 0 native plugins for Editor in 0.00 ms.
Unloading 3347 Unused Serialized files (Serialized files now loaded: 0)
Unloading 22 unused Assets / (151.8 KB). Loaded Objects now: 3902.
Memory consumption went from 126.8 MB to 126.7 MB.
Total: 4.742700 ms (FindLiveObjects: 0.341900 ms CreateObjectMapping: 0.304200 ms MarkObjects: 3.936300 ms  DeleteObjects: 0.159000 ms)

AssetImportParameters requested are different than current active one (requested -> active):
  custom:video-decoder-ogg-theora: a1e56fd34408186e4bbccfd4996cb3dc -> 
  custom:container-muxer-webm: aa71ff27fc2769a1b78a27578f13a17b -> 
  custom:container-demuxer-webm: 4f35f7cbe854078d1ac9338744f61a02 -> 
  custom:video-encoder-webm-vp8: eb34c28f22e8b96e1ab97ce403110664 -> 
  custom:video-codec-MediaFoundation-h265: 746d11721c4dcdbdad8f713fa42b33f4 -> 
  custom:audio-encoder-webm-vorbis: bf7c407c2cedff20999df2af8eb42d56 -> 
  custom:framework-win-MediaFoundation: 216162199b28c13a410421893ffa2e32 -> 
  custom:container-demuxer-ogg: 62fdf1f143b41e24485cea50d1cbac27 -> 
  custom:video-decoder-webm-vp8: 9c59270c3fd7afecdb556c50c9e8de78 -> 
  custom:audio-decoder-ogg-vorbis: bf7c407c2cedff20999df2af8eb42d56 -> 
========================================================================
Received Prepare
Registering precompiled user dll's ...
Registered in 0.005123 seconds.
Begin MonoManager ReloadAssembly
Symbol file LoadedFromMemory doesn't match image C:\Users\farha\OneDrive\Desktop\Desktop\backup Stuff\Individual-Ass2\IND-ASS2\Library\PackageCache\com.unity.visualscripting@1.7.8\Editor\VisualScripting.Core\Dependencies\YamlDotNet\Unity.VisualScripting.YamlDotNet.dll
Symbol file LoadedFromMemory doesn't match image C:\Users\farha\OneDrive\Desktop\Desktop\backup Stuff\Individual-Ass2\IND-ASS2\Library\PackageCache\com.unity.visualscripting@1.7.8\Editor\VisualScripting.Core\Dependencies\DotNetZip\Unity.VisualScripting.IonicZip.dll
Native extension for WindowsStandalone target not found
Native extension for WebGL target not found
Refreshing native plugins compatible for Editor in 0.77 ms, found 3 plugins.
Preloading 0 native plugins for Editor in 0.00 ms.
Mono: successfully reloaded assembly
- Completed reload, in  1.114 seconds
Domain Reload Profiling:
	ReloadAssembly (1115ms)
		BeginReloadAssembly (130ms)
			ExecutionOrderSort (0ms)
			DisableScriptedObjects (6ms)
			BackupInstance (0ms)
			ReleaseScriptingObjects (0ms)
			CreateAndSetChildDomain (36ms)
		EndReloadAssembly (878ms)
			LoadAssemblies (79ms)
			RebuildTransferFunctionScriptingTraits (0ms)
			SetupTypeCache (297ms)
			ReleaseScriptCaches (1ms)
			RebuildScriptCaches (51ms)
			SetupLoadedEditorAssemblies (389ms)
				LogAssemblyErrors (0ms)
				InitializePlatformSupportModulesInManaged (16ms)
				SetLoadedEditorAssemblies (1ms)
				RefreshPlugins (1ms)
				BeforeProcessingInitializeOnLoad (75ms)
				ProcessInitializeOnLoadAttributes (253ms)
				ProcessInitializeOnLoadMethodAttributes (37ms)
				AfterProcessingInitializeOnLoad (8ms)
				EditorAssembliesLoaded (0ms)
			ExecutionOrderSort2 (0ms)
			AwakeInstancesAfterBackupRestoration (7ms)
Platform modules already initialized, skipping
Refreshing native plugins compatible for Editor in 3.33 ms, found 3 plugins.
Preloading 0 native plugins for Editor in 0.00 ms.
Unloading 3347 Unused Serialized files (Serialized files now loaded: 0)
Unloading 22 unused Assets / (151.8 KB). Loaded Objects now: 3905.
Memory consumption went from 126.8 MB to 126.7 MB.
Total: 5.577800 ms (FindLiveObjects: 0.355100 ms CreateObjectMapping: 0.409300 ms MarkObjects: 4.676700 ms  DeleteObjects: 0.135300 ms)

AssetImportParameters requested are different than current active one (requested -> active):
  custom:video-decoder-ogg-theora: a1e56fd34408186e4bbccfd4996cb3dc -> 
  custom:container-muxer-webm: aa71ff27fc2769a1b78a27578f13a17b -> 
  custom:container-demuxer-webm: 4f35f7cbe854078d1ac9338744f61a02 -> 
  custom:video-encoder-webm-vp8: eb34c28f22e8b96e1ab97ce403110664 -> 
  custom:video-codec-MediaFoundation-h265: 746d11721c4dcdbdad8f713fa42b33f4 -> 
  custom:audio-encoder-webm-vorbis: bf7c407c2cedff20999df2af8eb42d56 -> 
  custom:framework-win-MediaFoundation: 216162199b28c13a410421893ffa2e32 -> 
  custom:container-demuxer-ogg: 62fdf1f143b41e24485cea50d1cbac27 -> 
  custom:video-decoder-webm-vp8: 9c59270c3fd7afecdb556c50c9e8de78 -> 
  custom:audio-decoder-ogg-vorbis: bf7c407c2cedff20999df2af8eb42d56 -> 
========================================================================
Received Import Request.
  Time since last request: 723.796867 seconds.
  path: Assets/Lowpoly paper boats/materials/boat_texture 1.mat
  artifactKey: Guid(0307df93a7a763f4aa664fc459c3041d) Importer(815301076,1909f56bfc062723c751e8b465ee728b)
Start importing Assets/Lowpoly paper boats/materials/boat_texture 1.mat using Guid(0307df93a7a763f4aa664fc459c3041d) Importer(815301076,1909f56bfc062723c751e8b465ee728b)  -> (artifact id: '16ef9d93b95aeb7d011052ca0addde01') in 0.190293 seconds 
========================================================================
Received Import Request.
  Time since last request: 5.613707 seconds.
  path: Assets/Materials/Water.mat
  artifactKey: Guid(db2207074b6bcea4f9187e903e79d6cd) Importer(815301076,1909f56bfc062723c751e8b465ee728b)
Start importing Assets/Materials/Water.mat using Guid(db2207074b6bcea4f9187e903e79d6cd) Importer(815301076,1909f56bfc062723c751e8b465ee728b)  -> (artifact id: '1a38c45538525e81a684d566791ade22') in 0.130465 seconds 
========================================================================
Received Import Request.
  Time since last request: 164.396354 seconds.
  path: Assets/toon ramp.png
  artifactKey: Guid(b561bf29dfcebdc4385501f161247a1a) Importer(815301076,1909f56bfc062723c751e8b465ee728b)
Start importing Assets/toon ramp.png using Guid(b561bf29dfcebdc4385501f161247a1a) Importer(815301076,1909f56bfc062723c751e8b465ee728b)  -> (artifact id: '9881c16874794d1e84e6d34fdff9a37d') in 0.053611 seconds 
========================================================================
Received Import Request.
  Time since last request: 184.211102 seconds.
  path: Assets/Untitled drawing.jpg
  artifactKey: Guid(b308abb2ee9253644b0dca5035bbd370) Importer(815301076,1909f56bfc062723c751e8b465ee728b)
Start importing Assets/Untitled drawing.jpg using Guid(b308abb2ee9253644b0dca5035bbd370) Importer(815301076,1909f56bfc062723c751e8b465ee728b)  -> (artifact id: '07fc0ae225eafea5c5ade32f5e7b8384') in 0.013741 seconds 
========================================================================
Received Import Request.
  Time since last request: 614.684586 seconds.
  path: Assets/Island
  artifactKey: Guid(0d9eef6d1462ac246a5485fa168b82d9) Importer(815301076,1909f56bfc062723c751e8b465ee728b)
Start importing Assets/Island using Guid(0d9eef6d1462ac246a5485fa168b82d9) Importer(815301076,1909f56bfc062723c751e8b465ee728b)  -> (artifact id: '0ecf6cb19a2c5dbca70cce5c3bb8cc79') in 0.008088 seconds 
========================================================================
Received Import Request.
  Time since last request: 0.992932 seconds.
  path: Assets/Island/Standard
  artifactKey: Guid(4837b3f5f3a41f944bbc9e8336c5703a) Importer(815301076,1909f56bfc062723c751e8b465ee728b)
Start importing Assets/Island/Standard using Guid(4837b3f5f3a41f944bbc9e8336c5703a) Importer(815301076,1909f56bfc062723c751e8b465ee728b)  -> (artifact id: '508619fb8dd5a14ed0c52edd88af5399') in 0.007587 seconds 
========================================================================
Received Import Request.
  Time since last request: 2.401398 seconds.
  path: Assets/Island/Standard/Island_2019.3.15_Standard.unitypackage
  artifactKey: Guid(2c70f4b9ecc3a814fb862a4f12fa106e) Importer(815301076,1909f56bfc062723c751e8b465ee728b)
Start importing Assets/Island/Standard/Island_2019.3.15_Standard.unitypackage using Guid(2c70f4b9ecc3a814fb862a4f12fa106e) Importer(815301076,1909f56bfc062723c751e8b465ee728b)  -> (artifact id: '73c080675331e7832bbe2fed8c1d07a7') in 0.013398 seconds 
========================================================================
Received Import Request.
  Time since last request: 20.267675 seconds.
  path: Assets/Island/URP
  artifactKey: Guid(af6f8aac3322436469bc3d968f662814) Importer(815301076,1909f56bfc062723c751e8b465ee728b)
Start importing Assets/Island/URP using Guid(af6f8aac3322436469bc3d968f662814) Importer(815301076,1909f56bfc062723c751e8b465ee728b)  -> (artifact id: '94b9114c58b72bf59de6ce20aad8f325') in 0.007915 seconds 
========================================================================
Received Import Request.
  Time since last request: 38.568778 seconds.
  path: Assets/TropicalEnvironment_LITE
  artifactKey: Guid(8c23ec551bed3984b9823b8bc0bf206b) Importer(815301076,1909f56bfc062723c751e8b465ee728b)
Start importing Assets/TropicalEnvironment_LITE using Guid(8c23ec551bed3984b9823b8bc0bf206b) Importer(815301076,1909f56bfc062723c751e8b465ee728b)  -> (artifact id: 'd330710977efbca104ae2c65fb2c5502') in 0.007009 seconds 
========================================================================
Received Import Request.
  Time since last request: 4.036801 seconds.
  path: Assets/TropicalEnvironment_LITE/Models
  artifactKey: Guid(4aa655aa65a3c8a4c960e444ef67d0f6) Importer(815301076,1909f56bfc062723c751e8b465ee728b)
Start importing Assets/TropicalEnvironment_LITE/Models using Guid(4aa655aa65a3c8a4c960e444ef67d0f6) Importer(815301076,1909f56bfc062723c751e8b465ee728b)  -> (artifact id: '5e0d519eda6984e137b1f190504712a7') in 0.008663 seconds 
========================================================================
Received Import Request.
  Time since last request: 0.021467 seconds.
  path: Assets/TropicalEnvironment_LITE/Models/Barrel_04.fbx
  artifactKey: Guid(05b8d3faa6a97524ea4a2260b027738f) Importer(815301076,1909f56bfc062723c751e8b465ee728b)
Start importing Assets/TropicalEnvironment_LITE/Models/Barrel_04.fbx using Guid(05b8d3faa6a97524ea4a2260b027738f) Importer(815301076,1909f56bfc062723c751e8b465ee728b)  -> (artifact id: '30d938d937c9addf1f2dd56349ef837a') in 0.207584 seconds 
========================================================================
Received Import Request.
  Time since last request: 0.000024 seconds.
  path: Assets/TropicalEnvironment_LITE/Models/Plant_01.fbx
  artifactKey: Guid(6fe3784b6fa1f4841a127220269aaf6f) Importer(815301076,1909f56bfc062723c751e8b465ee728b)
Start importing Assets/TropicalEnvironment_LITE/Models/Plant_01.fbx using Guid(6fe3784b6fa1f4841a127220269aaf6f) Importer(815301076,1909f56bfc062723c751e8b465ee728b)  -> (artifact id: 'd24ead046277b5ac56f410e829ca0de4') in 0.058334 seconds 
========================================================================
Received Import Request.
  Time since last request: 0.000030 seconds.
  path: Assets/TropicalEnvironment_LITE/Models/Skull_01.fbx
  artifactKey: Guid(f348a0f467f71dc49b39778f1b38e95a) Importer(815301076,1909f56bfc062723c751e8b465ee728b)
Start importing Assets/TropicalEnvironment_LITE/Models/Skull_01.fbx using Guid(f348a0f467f71dc49b39778f1b38e95a) Importer(815301076,1909f56bfc062723c751e8b465ee728b)  -> (artifact id: 'c0869c123a479ad24d2d84658bd20ab7') in 0.049706 seconds 
========================================================================
Received Import Request.
  Time since last request: 0.000031 seconds.
  path: Assets/TropicalEnvironment_LITE/Models/Chest_01_2.fbx
  artifactKey: Guid(2676e78c7f3295e4fafa83bedcf2c7af) Importer(815301076,1909f56bfc062723c751e8b465ee728b)
Start importing Assets/TropicalEnvironment_LITE/Models/Chest_01_2.fbx using Guid(2676e78c7f3295e4fafa83bedcf2c7af) Importer(815301076,1909f56bfc062723c751e8b465ee728b)  -> (artifact id: '432a3c8124d310d4b978049faeb0e7ca') in 0.058798 seconds 
========================================================================
Received Import Request.
  Time since last request: 0.000025 seconds.
  path: Assets/TropicalEnvironment_LITE/Models/Plank_01.fbx
  artifactKey: Guid(f9dc45da0de6c2c46bf15b7bb9429452) Importer(815301076,1909f56bfc062723c751e8b465ee728b)
Start importing Assets/TropicalEnvironment_LITE/Models/Plank_01.fbx using Guid(f9dc45da0de6c2c46bf15b7bb9429452) Importer(815301076,1909f56bfc062723c751e8b465ee728b)  -> (artifact id: '4338e9aa8659ab799e0fc92d510b2a4a') in 0.037148 seconds 
========================================================================
Received Import Request.
  Time since last request: 0.000024 seconds.
  path: Assets/TropicalEnvironment_LITE/Models/Pier_02.fbx
  artifactKey: Guid(5fad09914995871439e31efe5b1b7887) Importer(815301076,1909f56bfc062723c751e8b465ee728b)
Start importing Assets/TropicalEnvironment_LITE/Models/Pier_02.fbx using Guid(5fad09914995871439e31efe5b1b7887) Importer(815301076,1909f56bfc062723c751e8b465ee728b)  -> (artifact id: 'd6a2b047fc48586bcc74dc019281de60') in 0.034883 seconds 
========================================================================
Received Import Request.
  Time since last request: 8.169440 seconds.
  path: Assets/TropicalEnvironment_LITE/Prefabs/Chest_01.prefab
  artifactKey: Guid(2269c5cfaa7f7314bba868f540b5ddad) Importer(815301076,1909f56bfc062723c751e8b465ee728b)
Start importing Assets/TropicalEnvironment_LITE/Prefabs/Chest_01.prefab using Guid(2269c5cfaa7f7314bba868f540b5ddad) Importer(815301076,1909f56bfc062723c751e8b465ee728b)  -> (artifact id: '18c305a8adb503a3d36e65a3661571c1') in 0.189080 seconds 
========================================================================
Received Import Request.
  Time since last request: 0.000023 seconds.
  path: Assets/TropicalEnvironment_LITE/Prefabs/Pier_02.prefab
  artifactKey: Guid(c4ce77fae258db1419fe426be4a51bbb) Importer(815301076,1909f56bfc062723c751e8b465ee728b)
Start importing Assets/TropicalEnvironment_LITE/Prefabs/Pier_02.prefab using Guid(c4ce77fae258db1419fe426be4a51bbb) Importer(815301076,1909f56bfc062723c751e8b465ee728b)  -> (artifact id: 'a265e900f2d35d87364dfff968fb8ad0') in 0.023247 seconds 
========================================================================
Received Import Request.
  Time since last request: 0.000035 seconds.
  path: Assets/TropicalEnvironment_LITE/Prefabs/Plant_01.prefab
  artifactKey: Guid(cb8023970bbd62147ba1b145685c0a02) Importer(815301076,1909f56bfc062723c751e8b465ee728b)
Start importing Assets/TropicalEnvironment_LITE/Prefabs/Plant_01.prefab using Guid(cb8023970bbd62147ba1b145685c0a02) Importer(815301076,1909f56bfc062723c751e8b465ee728b)  -> (artifact id: '939bf7468a0fc1f5b75b071edd2f1cbc') in 0.020988 seconds 
========================================================================
Received Import Request.
  Time since last request: 0.000025 seconds.
  path: Assets/TropicalEnvironment_LITE/Prefabs/Tent_01.prefab
  artifactKey: Guid(a79f26c2c26a872468e9cc5925298ae7) Importer(815301076,1909f56bfc062723c751e8b465ee728b)
Start importing Assets/TropicalEnvironment_LITE/Prefabs/Tent_01.prefab using Guid(a79f26c2c26a872468e9cc5925298ae7) Importer(815301076,1909f56bfc062723c751e8b465ee728b)  -> (artifact id: '8f7a4ff34a5b63cb46f2286ea85d44ce') in 0.025414 seconds 
========================================================================
Received Import Request.
  Time since last request: 0.000033 seconds.
  path: Assets/TropicalEnvironment_LITE/Prefabs/Plank_01.prefab
  artifactKey: Guid(c95646f11c8203b438f9c638247c3121) Importer(815301076,1909f56bfc062723c751e8b465ee728b)
Start importing Assets/TropicalEnvironment_LITE/Prefabs/Plank_01.prefab using Guid(c95646f11c8203b438f9c638247c3121) Importer(815301076,1909f56bfc062723c751e8b465ee728b)  -> (artifact id: '7c362272d5771e615cfa932e2d6ddba8') in 0.026705 seconds 
========================================================================
Received Import Request.
  Time since last request: 0.000037 seconds.
  path: Assets/TropicalEnvironment_LITE/Prefabs/Rock_01.prefab
  artifactKey: Guid(c8a2815ff94c8cf4c817008d9af097ad) Importer(815301076,1909f56bfc062723c751e8b465ee728b)
Start importing Assets/TropicalEnvironment_LITE/Prefabs/Rock_01.prefab using Guid(c8a2815ff94c8cf4c817008d9af097ad) Importer(815301076,1909f56bfc062723c751e8b465ee728b)  -> (artifact id: '6234998b855e907f5dcc5d2e517f7001') in 0.029146 seconds 
========================================================================
Received Import Request.
  Time since last request: 0.000029 seconds.
  path: Assets/TropicalEnvironment_LITE/Prefabs/PirateSword_01.prefab
  artifactKey: Guid(dbd2a57d08b34234fa124d3add256cf5) Importer(815301076,1909f56bfc062723c751e8b465ee728b)
Start importing Assets/TropicalEnvironment_LITE/Prefabs/PirateSword_01.prefab using Guid(dbd2a57d08b34234fa124d3add256cf5) Importer(815301076,1909f56bfc062723c751e8b465ee728b)  -> (artifact id: 'afefff63f488edb446df713562a287f3') in 0.019302 seconds 
========================================================================
Received Import Request.
  Time since last request: 4.683677 seconds.
  path: Assets/TropicalEnvironment_LITE/Terrain/TerrainLayer/Sand_Lite.terrainlayer
  artifactKey: Guid(ab2a3f1fd5b756f46a51bd8666d53529) Importer(815301076,1909f56bfc062723c751e8b465ee728b)
Start importing Assets/TropicalEnvironment_LITE/Terrain/TerrainLayer/Sand_Lite.terrainlayer using Guid(ab2a3f1fd5b756f46a51bd8666d53529) Importer(815301076,1909f56bfc062723c751e8b465ee728b)  -> (artifact id: 'a30cddc3cd8feaa814a3dc957f51c95b') in 0.031633 seconds 
========================================================================
Received Import Request.
  Time since last request: 6.228325 seconds.
  path: Assets/TropicalEnvironment_LITE/Textures/TropicalEnvironmentLite_Grass.png
  artifactKey: Guid(89bc11f1dd883784bb12d8a71f59a54e) Importer(815301076,1909f56bfc062723c751e8b465ee728b)
Start importing Assets/TropicalEnvironment_LITE/Textures/TropicalEnvironmentLite_Grass.png using Guid(89bc11f1dd883784bb12d8a71f59a54e) Importer(815301076,1909f56bfc062723c751e8b465ee728b)  -> (artifact id: '1f9d532fa87ce89333d0914ff85fbfc7') in 0.028756 seconds 
========================================================================
Received Import Request.
  Time since last request: 0.000029 seconds.
  path: Assets/TropicalEnvironment_LITE/Textures/TropicalEnvironmentLite_Sand.png
  artifactKey: Guid(fc7c7d8754cf5de48a02a482c9adfa86) Importer(815301076,1909f56bfc062723c751e8b465ee728b)
Start importing Assets/TropicalEnvironment_LITE/Textures/TropicalEnvironmentLite_Sand.png using Guid(fc7c7d8754cf5de48a02a482c9adfa86) Importer(815301076,1909f56bfc062723c751e8b465ee728b)  -> (artifact id: '7a99923e7ccb5ed390b165615f1ef3db') in 0.021621 seconds 
Editor requested this worker to shutdown with reason: Scaling down because of idle timeout
AssetImportWorker is now disconnected from the server
Process exiting
Exiting without the bug reporter. Application will terminate with return code 0