Using pre-set license
Built from '2021.3/staging' branch; Version is '2021.3.13f1 (9e7d58001ecf) revision 10386776'; Using compiler version '192829333'; Build Type 'Release'
OS: 'Windows 11  (10.0.22621) 64bit Core' Language: 'en' Physical Memory: 16169 MB
BatchMode: 1, IsHumanControllingUs: 0, StartBugReporterOnCrash: 0, Is64bit: 1, IsPro: 1

COMMAND LINE ARGUMENTS:
C:\Program Files\Unity\Hub\Editor\2021.3.13f1\Editor\Unity.exe
-adb2
-batchMode
-noUpm
-name
AssetImportWorker1
-projectPath
C:/Users/farha/OneDrive/Desktop/Desktop/backup Stuff/Individual-Ass2/IND-ASS2
-logFile
Logs/AssetImportWorker1.log
-srvPort
57300
Successfully changed project path to: C:/Users/farha/OneDrive/Desktop/Desktop/backup Stuff/Individual-Ass2/IND-ASS2
C:/Users/farha/OneDrive/Desktop/Desktop/backup Stuff/Individual-Ass2/IND-ASS2
[UnityMemory] Configuration Parameters - Can be set up in boot.config
    "memorysetup-bucket-allocator-granularity=16"
    "memorysetup-bucket-allocator-bucket-count=8"
    "memorysetup-bucket-allocator-block-size=33554432"
    "memorysetup-bucket-allocator-block-count=8"
    "memorysetup-main-allocator-block-size=16777216"
    "memorysetup-thread-allocator-block-size=16777216"
    "memorysetup-gfx-main-allocator-block-size=16777216"
    "memorysetup-gfx-thread-allocator-block-size=16777216"
    "memorysetup-cache-allocator-block-size=4194304"
    "memorysetup-typetree-allocator-block-size=2097152"
    "memorysetup-profiler-bucket-allocator-granularity=16"
    "memorysetup-profiler-bucket-allocator-bucket-count=8"
    "memorysetup-profiler-bucket-allocator-block-size=33554432"
    "memorysetup-profiler-bucket-allocator-block-count=8"
    "memorysetup-profiler-allocator-block-size=16777216"
    "memorysetup-profiler-editor-allocator-block-size=1048576"
    "memorysetup-temp-allocator-size-main=16777216"
    "memorysetup-job-temp-allocator-block-size=2097152"
    "memorysetup-job-temp-allocator-block-size-background=1048576"
    "memorysetup-job-temp-allocator-reduction-small-platforms=262144"
    "memorysetup-temp-allocator-size-background-worker=32768"
    "memorysetup-temp-allocator-size-job-worker=262144"
    "memorysetup-temp-allocator-size-preload-manager=33554432"
    "memorysetup-temp-allocator-size-nav-mesh-worker=65536"
    "memorysetup-temp-allocator-size-audio-worker=65536"
    "memorysetup-temp-allocator-size-cloud-worker=32768"
    "memorysetup-temp-allocator-size-gi-baking-worker=262144"
    "memorysetup-temp-allocator-size-gfx=262144"
Refreshing native plugins compatible for Editor in 88.97 ms, found 3 plugins.
Preloading 0 native plugins for Editor in 0.00 ms.
Initialize engine version: 2021.3.13f1 (9e7d58001ecf)
[Subsystems] Discovering subsystems at path C:/Program Files/Unity/Hub/Editor/2021.3.13f1/Editor/Data/Resources/UnitySubsystems
[Subsystems] Discovering subsystems at path C:/Users/farha/OneDrive/Desktop/Desktop/backup Stuff/Individual-Ass2/IND-ASS2/Assets
GfxDevice: creating device client; threaded=0; jobified=0
Direct3D:
    Version:  Direct3D 11.0 [level 11.1]
    Renderer: NVIDIA GeForce RTX 2060 (ID=0x1f15)
    Vendor:   NVIDIA
    VRAM:     5968 MB
    Driver:   31.0.15.2824
Initialize mono
Mono path[0] = 'C:/Program Files/Unity/Hub/Editor/2021.3.13f1/Editor/Data/Managed'
Mono path[1] = 'C:/Program Files/Unity/Hub/Editor/2021.3.13f1/Editor/Data/MonoBleedingEdge/lib/mono/unityjit-win32'
Mono config path = 'C:/Program Files/Unity/Hub/Editor/2021.3.13f1/Editor/Data/MonoBleedingEdge/etc'
Using monoOptions --debugger-agent=transport=dt_socket,embedding=1,server=y,suspend=n,address=127.0.0.1:56036
Begin MonoManager ReloadAssembly
Registering precompiled unity dll's ...
Register platform support module: C:/Program Files/Unity/Hub/Editor/2021.3.13f1/Editor/Data/PlaybackEngines/WebGLSupport/UnityEditor.WebGL.Extensions.dll
Register platform support module: C:/Program Files/Unity/Hub/Editor/2021.3.13f1/Editor/Data/PlaybackEngines/WindowsStandaloneSupport/UnityEditor.WindowsStandalone.Extensions.dll
Registered in 0.006064 seconds.
Native extension for WindowsStandalone target not found
Native extension for WebGL target not found
Refreshing native plugins compatible for Editor in 91.63 ms, found 3 plugins.
Preloading 0 native plugins for Editor in 0.00 ms.
Mono: successfully reloaded assembly
- Completed reload, in  0.708 seconds
Domain Reload Profiling:
	ReloadAssembly (709ms)
		BeginReloadAssembly (76ms)
			ExecutionOrderSort (0ms)
			DisableScriptedObjects (0ms)
			BackupInstance (0ms)
			ReleaseScriptingObjects (0ms)
			CreateAndSetChildDomain (1ms)
		EndReloadAssembly (517ms)
			LoadAssemblies (75ms)
			RebuildTransferFunctionScriptingTraits (0ms)
			SetupTypeCache (125ms)
			ReleaseScriptCaches (0ms)
			RebuildScriptCaches (35ms)
			SetupLoadedEditorAssemblies (305ms)
				LogAssemblyErrors (0ms)
				InitializePlatformSupportModulesInManaged (9ms)
				SetLoadedEditorAssemblies (0ms)
				RefreshPlugins (92ms)
				BeforeProcessingInitializeOnLoad (1ms)
				ProcessInitializeOnLoadAttributes (155ms)
				ProcessInitializeOnLoadMethodAttributes (48ms)
				AfterProcessingInitializeOnLoad (0ms)
				EditorAssembliesLoaded (0ms)
			ExecutionOrderSort2 (0ms)
			AwakeInstancesAfterBackupRestoration (0ms)
Platform modules already initialized, skipping
Registering precompiled user dll's ...
Registered in 0.005690 seconds.
Begin MonoManager ReloadAssembly
Symbol file LoadedFromMemory doesn't match image C:\Users\farha\OneDrive\Desktop\Desktop\backup Stuff\Individual-Ass2\IND-ASS2\Library\PackageCache\com.unity.visualscripting@1.7.8\Editor\VisualScripting.Core\Dependencies\YamlDotNet\Unity.VisualScripting.YamlDotNet.dll
Symbol file LoadedFromMemory doesn't match image C:\Users\farha\OneDrive\Desktop\Desktop\backup Stuff\Individual-Ass2\IND-ASS2\Library\PackageCache\com.unity.visualscripting@1.7.8\Editor\VisualScripting.Core\Dependencies\DotNetZip\Unity.VisualScripting.IonicZip.dll
Native extension for WindowsStandalone target not found
Native extension for WebGL target not found
Refreshing native plugins compatible for Editor in 0.53 ms, found 3 plugins.
Preloading 0 native plugins for Editor in 0.00 ms.
Mono: successfully reloaded assembly
- Completed reload, in  1.131 seconds
Domain Reload Profiling:
	ReloadAssembly (1132ms)
		BeginReloadAssembly (114ms)
			ExecutionOrderSort (0ms)
			DisableScriptedObjects (8ms)
			BackupInstance (0ms)
			ReleaseScriptingObjects (0ms)
			CreateAndSetChildDomain (19ms)
		EndReloadAssembly (882ms)
			LoadAssemblies (78ms)
			RebuildTransferFunctionScriptingTraits (0ms)
			SetupTypeCache (290ms)
			ReleaseScriptCaches (1ms)
			RebuildScriptCaches (53ms)
			SetupLoadedEditorAssemblies (415ms)
				LogAssemblyErrors (0ms)
				InitializePlatformSupportModulesInManaged (7ms)
				SetLoadedEditorAssemblies (1ms)
				RefreshPlugins (1ms)
				BeforeProcessingInitializeOnLoad (100ms)
				ProcessInitializeOnLoadAttributes (264ms)
				ProcessInitializeOnLoadMethodAttributes (36ms)
				AfterProcessingInitializeOnLoad (6ms)
				EditorAssembliesLoaded (0ms)
			ExecutionOrderSort2 (0ms)
			AwakeInstancesAfterBackupRestoration (6ms)
Platform modules already initialized, skipping
========================================================================
Worker process is ready to serve import requests
Launched and connected shader compiler UnityShaderCompiler.exe after 0.05 seconds
Refreshing native plugins compatible for Editor in 0.59 ms, found 3 plugins.
Preloading 0 native plugins for Editor in 0.00 ms.
Unloading 3349 Unused Serialized files (Serialized files now loaded: 0)
Unloading 27 unused Assets / (113.5 KB). Loaded Objects now: 3806.
Memory consumption went from 116.3 MB to 116.2 MB.
Total: 3.202700 ms (FindLiveObjects: 0.270100 ms CreateObjectMapping: 0.242000 ms MarkObjects: 2.601000 ms  DeleteObjects: 0.088700 ms)

AssetImportParameters requested are different than current active one (requested -> active):
  custom:video-decoder-ogg-theora: a1e56fd34408186e4bbccfd4996cb3dc -> 
  custom:container-muxer-webm: aa71ff27fc2769a1b78a27578f13a17b -> 
  custom:container-demuxer-webm: 4f35f7cbe854078d1ac9338744f61a02 -> 
  custom:video-encoder-webm-vp8: eb34c28f22e8b96e1ab97ce403110664 -> 
  custom:video-codec-MediaFoundation-h265: 746d11721c4dcdbdad8f713fa42b33f4 -> 
  custom:audio-encoder-webm-vorbis: bf7c407c2cedff20999df2af8eb42d56 -> 
  custom:framework-win-MediaFoundation: 216162199b28c13a410421893ffa2e32 -> 
  custom:container-demuxer-ogg: 62fdf1f143b41e24485cea50d1cbac27 -> 
  custom:video-decoder-webm-vp8: 9c59270c3fd7afecdb556c50c9e8de78 -> 
  custom:audio-decoder-ogg-vorbis: bf7c407c2cedff20999df2af8eb42d56 -> 
========================================================================
Received Import Request.
  Time since last request: 2130.231767 seconds.
  path: Assets/Materials/CoolLUT.mat
  artifactKey: Guid(8669287b36dfde54f8a63a24cfcd43be) Importer(815301076,1909f56bfc062723c751e8b465ee728b)
Start importing Assets/Materials/CoolLUT.mat using Guid(8669287b36dfde54f8a63a24cfcd43be) Importer(815301076,1909f56bfc062723c751e8b465ee728b)  -> (artifact id: 'eb4b28d585bd9388447fcc73d8ae8730') in 0.175001 seconds 
========================================================================
Received Import Request.
  Time since last request: 0.000029 seconds.
  path: Assets/Materials/JPG_1.mat
  artifactKey: Guid(ff87c24c72e923b44871bbabb455ae81) Importer(815301076,1909f56bfc062723c751e8b465ee728b)
Start importing Assets/Materials/JPG_1.mat using Guid(ff87c24c72e923b44871bbabb455ae81) Importer(815301076,1909f56bfc062723c751e8b465ee728b)  -> (artifact id: 'cd35cc31771fb87520da23fa7428c301') in 0.256347 seconds 
========================================================================
Received Import Request.
  Time since last request: 0.000028 seconds.
  path: Assets/Materials/JPG_2.mat
  artifactKey: Guid(85ecf6f895c4e7a45963a12095b96c34) Importer(815301076,1909f56bfc062723c751e8b465ee728b)
Start importing Assets/Materials/JPG_2.mat using Guid(85ecf6f895c4e7a45963a12095b96c34) Importer(815301076,1909f56bfc062723c751e8b465ee728b)  -> (artifact id: 'ac9bca7088572caffb3932c201b91fc0') in 0.013959 seconds 
========================================================================
Received Import Request.
  Time since last request: 0.000036 seconds.
  path: Assets/Materials/Diffuse.mat
  artifactKey: Guid(af03c0746b8978c4f890ccb8d9d2f255) Importer(815301076,1909f56bfc062723c751e8b465ee728b)
Start importing Assets/Materials/Diffuse.mat using Guid(af03c0746b8978c4f890ccb8d9d2f255) Importer(815301076,1909f56bfc062723c751e8b465ee728b)  -> (artifact id: 'ca30d631aebc2495a03aff0ef2988d1d') in 0.106949 seconds 
========================================================================
Received Import Request.
  Time since last request: 0.000022 seconds.
  path: Assets/Materials/Hologram.mat
  artifactKey: Guid(d514e9af638fcf44899ab27d263890bb) Importer(815301076,1909f56bfc062723c751e8b465ee728b)
Start importing Assets/Materials/Hologram.mat using Guid(d514e9af638fcf44899ab27d263890bb) Importer(815301076,1909f56bfc062723c751e8b465ee728b)  -> (artifact id: 'eb7d3d7b1e68bb82f4a47f398b65e220') in 0.013115 seconds 
========================================================================
Received Import Request.
  Time since last request: 0.000027 seconds.
  path: Assets/Materials/Shader1.mat
  artifactKey: Guid(022fb62805c8a1648a6030d38374853b) Importer(815301076,1909f56bfc062723c751e8b465ee728b)
Start importing Assets/Materials/Shader1.mat using Guid(022fb62805c8a1648a6030d38374853b) Importer(815301076,1909f56bfc062723c751e8b465ee728b)  -> (artifact id: 'aa8e7084af624328d2c377f481a3d4ae') in 0.209734 seconds 
========================================================================
Received Import Request.
  Time since last request: 0.000030 seconds.
  path: Assets/Materials/New Material.mat
  artifactKey: Guid(3d6357bcf7af0d741b477d6b22982eb5) Importer(815301076,1909f56bfc062723c751e8b465ee728b)
Start importing Assets/Materials/New Material.mat using Guid(3d6357bcf7af0d741b477d6b22982eb5) Importer(815301076,1909f56bfc062723c751e8b465ee728b)  -> (artifact id: '54d8ecf9fc9640a0fae6505e9f809ba3') in 0.119875 seconds 
========================================================================
Received Import Request.
  Time since last request: 0.000031 seconds.
  path: Assets/Materials/ToonRamp.mat
  artifactKey: Guid(2569daf81075dad42b804c8312889967) Importer(815301076,1909f56bfc062723c751e8b465ee728b)
Start importing Assets/Materials/ToonRamp.mat using Guid(2569daf81075dad42b804c8312889967) Importer(815301076,1909f56bfc062723c751e8b465ee728b)  -> (artifact id: 'e91251f0a8458b7ae9786a82591f64ff') in 0.108001 seconds 
========================================================================
Received Import Request.
  Time since last request: 0.000112 seconds.
  path: Assets/Materials/Standard{BR.mat
  artifactKey: Guid(56d674a3a25069a4e9e398649125587c) Importer(815301076,1909f56bfc062723c751e8b465ee728b)
Start importing Assets/Materials/Standard{BR.mat using Guid(56d674a3a25069a4e9e398649125587c) Importer(815301076,1909f56bfc062723c751e8b465ee728b)  -> (artifact id: 'd4b63bdcd8263ab6eac32132c6aa6b86') in 0.202360 seconds 
========================================================================
Received Import Request.
  Time since last request: 0.340612 seconds.
  path: Assets/Shaders/PerlinCompute.compute
  artifactKey: Guid(efb6487df6bcbc746b23356c90977dd7) Importer(815301076,1909f56bfc062723c751e8b465ee728b)
Start importing Assets/Shaders/PerlinCompute.compute using Guid(efb6487df6bcbc746b23356c90977dd7) Importer(815301076,1909f56bfc062723c751e8b465ee728b)  -> (artifact id: 'eb618e0fa90ab425330cf137c573279a') in 0.009587 seconds 
========================================================================
Received Import Request.
  Time since last request: 0.000019 seconds.
  path: Assets/Shaders/Post-Process.compute
  artifactKey: Guid(c224a5fb09f10954daeedcb23213eb39) Importer(815301076,1909f56bfc062723c751e8b465ee728b)
Start importing Assets/Shaders/Post-Process.compute using Guid(c224a5fb09f10954daeedcb23213eb39) Importer(815301076,1909f56bfc062723c751e8b465ee728b)  -> (artifact id: 'c82f283adf6e0f495923bbf6181925eb') in 0.007101 seconds 
========================================================================
Received Import Request.
  Time since last request: 0.000023 seconds.
  path: Assets/Shaders/Reflection.mat
  artifactKey: Guid(c3fd4a79a81f53f47b297b92577078f1) Importer(815301076,1909f56bfc062723c751e8b465ee728b)
Start importing Assets/Shaders/Reflection.mat using Guid(c3fd4a79a81f53f47b297b92577078f1) Importer(815301076,1909f56bfc062723c751e8b465ee728b)  -> (artifact id: '1b84f383bc353f2a0f671e5ba557331b') in 0.190645 seconds 
========================================================================
Received Import Request.
  Time since last request: 1690.699546 seconds.
  path: Assets/Lowpoly paper boats/mesh/black_perl.fbx
  artifactKey: Guid(2425a87628df6b14db6676e5fc92466d) Importer(815301076,1909f56bfc062723c751e8b465ee728b)
Start importing Assets/Lowpoly paper boats/mesh/black_perl.fbx using Guid(2425a87628df6b14db6676e5fc92466d) Importer(815301076,1909f56bfc062723c751e8b465ee728b)  -> (artifact id: '514e3222e9d51cedd3eb9ad17e3c8b57') in 0.102323 seconds 
========================================================================
Received Import Request.
  Time since last request: 0.000026 seconds.
  path: Assets/Lowpoly paper boats/mesh/speedy.fbx
  artifactKey: Guid(1c908fe580708ea49b1751ac1cae7c19) Importer(815301076,1909f56bfc062723c751e8b465ee728b)
Start importing Assets/Lowpoly paper boats/mesh/speedy.fbx using Guid(1c908fe580708ea49b1751ac1cae7c19) Importer(815301076,1909f56bfc062723c751e8b465ee728b)  -> (artifact id: '8cf40b014e9d00108d79defb0a865281') in 0.019822 seconds 
========================================================================
Received Import Request.
  Time since last request: 0.000038 seconds.
  path: Assets/Lowpoly paper boats/mesh/super_sail.fbx
  artifactKey: Guid(4020b43f8accddb4bb9bd1f3b3fddcf7) Importer(815301076,1909f56bfc062723c751e8b465ee728b)
Start importing Assets/Lowpoly paper boats/mesh/super_sail.fbx using Guid(4020b43f8accddb4bb9bd1f3b3fddcf7) Importer(815301076,1909f56bfc062723c751e8b465ee728b)  -> (artifact id: 'c29c58da8ebed7f1a5241249589eed3d') in 0.022655 seconds 
========================================================================
Received Import Request.
  Time since last request: 0.000028 seconds.
  path: Assets/Lowpoly paper boats/mesh/tiny.fbx
  artifactKey: Guid(41955c46440177d4e98f216d553ffd68) Importer(815301076,1909f56bfc062723c751e8b465ee728b)
Start importing Assets/Lowpoly paper boats/mesh/tiny.fbx using Guid(41955c46440177d4e98f216d553ffd68) Importer(815301076,1909f56bfc062723c751e8b465ee728b)  -> (artifact id: '63dfe5b69e8097b17862d0eae7d25bd6') in 0.019568 seconds 
========================================================================
Received Import Request.
  Time since last request: 0.000019 seconds.
  path: Assets/Lowpoly paper boats/mesh/white_fang.fbx
  artifactKey: Guid(4ec936a9b1599694cbdea7af2df0115d) Importer(815301076,1909f56bfc062723c751e8b465ee728b)
Start importing Assets/Lowpoly paper boats/mesh/white_fang.fbx using Guid(4ec936a9b1599694cbdea7af2df0115d) Importer(815301076,1909f56bfc062723c751e8b465ee728b)  -> (artifact id: '263aa2270cf8b4dc4f1c0f2f23f2b1e5') in 0.016821 seconds 
Editor requested this worker to shutdown with reason: Scaling down because of idle timeout
AssetImportWorker is now disconnected from the server
Process exiting
Exiting without the bug reporter. Application will terminate with return code 0