Using pre-set license
Built from '2021.3/staging' branch; Version is '2021.3.13f1 (9e7d58001ecf) revision 10386776'; Using compiler version '192829333'; Build Type 'Release'
OS: 'Windows 11  (10.0.22621) 64bit Core' Language: 'en' Physical Memory: 16169 MB
BatchMode: 1, IsHumanControllingUs: 0, StartBugReporterOnCrash: 0, Is64bit: 1, IsPro: 1

COMMAND LINE ARGUMENTS:
C:\Program Files\Unity\Hub\Editor\2021.3.13f1\Editor\Unity.exe
-adb2
-batchMode
-noUpm
-name
AssetImportWorker0
-projectPath
C:/Users/farha/OneDrive/Desktop/Desktop/backup Stuff/Individual-Ass2/IND-ASS2
-logFile
Logs/AssetImportWorker0.log
-srvPort
57300
Successfully changed project path to: C:/Users/farha/OneDrive/Desktop/Desktop/backup Stuff/Individual-Ass2/IND-ASS2
C:/Users/farha/OneDrive/Desktop/Desktop/backup Stuff/Individual-Ass2/IND-ASS2
[UnityMemory] Configuration Parameters - Can be set up in boot.config
    "memorysetup-bucket-allocator-granularity=16"
    "memorysetup-bucket-allocator-bucket-count=8"
    "memorysetup-bucket-allocator-block-size=33554432"
    "memorysetup-bucket-allocator-block-count=8"
    "memorysetup-main-allocator-block-size=16777216"
    "memorysetup-thread-allocator-block-size=16777216"
    "memorysetup-gfx-main-allocator-block-size=16777216"
    "memorysetup-gfx-thread-allocator-block-size=16777216"
    "memorysetup-cache-allocator-block-size=4194304"
    "memorysetup-typetree-allocator-block-size=2097152"
    "memorysetup-profiler-bucket-allocator-granularity=16"
    "memorysetup-profiler-bucket-allocator-bucket-count=8"
    "memorysetup-profiler-bucket-allocator-block-size=33554432"
    "memorysetup-profiler-bucket-allocator-block-count=8"
    "memorysetup-profiler-allocator-block-size=16777216"
    "memorysetup-profiler-editor-allocator-block-size=1048576"
    "memorysetup-temp-allocator-size-main=16777216"
    "memorysetup-job-temp-allocator-block-size=2097152"
    "memorysetup-job-temp-allocator-block-size-background=1048576"
    "memorysetup-job-temp-allocator-reduction-small-platforms=262144"
    "memorysetup-temp-allocator-size-background-worker=32768"
    "memorysetup-temp-allocator-size-job-worker=262144"
    "memorysetup-temp-allocator-size-preload-manager=33554432"
    "memorysetup-temp-allocator-size-nav-mesh-worker=65536"
    "memorysetup-temp-allocator-size-audio-worker=65536"
    "memorysetup-temp-allocator-size-cloud-worker=32768"
    "memorysetup-temp-allocator-size-gi-baking-worker=262144"
    "memorysetup-temp-allocator-size-gfx=262144"
Refreshing native plugins compatible for Editor in 93.60 ms, found 3 plugins.
Preloading 0 native plugins for Editor in 0.00 ms.
Initialize engine version: 2021.3.13f1 (9e7d58001ecf)
[Subsystems] Discovering subsystems at path C:/Program Files/Unity/Hub/Editor/2021.3.13f1/Editor/Data/Resources/UnitySubsystems
[Subsystems] Discovering subsystems at path C:/Users/farha/OneDrive/Desktop/Desktop/backup Stuff/Individual-Ass2/IND-ASS2/Assets
GfxDevice: creating device client; threaded=0; jobified=0
Direct3D:
    Version:  Direct3D 11.0 [level 11.1]
    Renderer: NVIDIA GeForce RTX 2060 (ID=0x1f15)
    Vendor:   NVIDIA
    VRAM:     5968 MB
    Driver:   31.0.15.2824
Initialize mono
Mono path[0] = 'C:/Program Files/Unity/Hub/Editor/2021.3.13f1/Editor/Data/Managed'
Mono path[1] = 'C:/Program Files/Unity/Hub/Editor/2021.3.13f1/Editor/Data/MonoBleedingEdge/lib/mono/unityjit-win32'
Mono config path = 'C:/Program Files/Unity/Hub/Editor/2021.3.13f1/Editor/Data/MonoBleedingEdge/etc'
Using monoOptions --debugger-agent=transport=dt_socket,embedding=1,server=y,suspend=n,address=127.0.0.1:56360
Begin MonoManager ReloadAssembly
Registering precompiled unity dll's ...
Register platform support module: C:/Program Files/Unity/Hub/Editor/2021.3.13f1/Editor/Data/PlaybackEngines/WebGLSupport/UnityEditor.WebGL.Extensions.dll
Register platform support module: C:/Program Files/Unity/Hub/Editor/2021.3.13f1/Editor/Data/PlaybackEngines/WindowsStandaloneSupport/UnityEditor.WindowsStandalone.Extensions.dll
Registered in 0.006165 seconds.
Native extension for WindowsStandalone target not found
Native extension for WebGL target not found
Refreshing native plugins compatible for Editor in 92.27 ms, found 3 plugins.
Preloading 0 native plugins for Editor in 0.00 ms.
Mono: successfully reloaded assembly
- Completed reload, in  0.705 seconds
Domain Reload Profiling:
	ReloadAssembly (706ms)
		BeginReloadAssembly (77ms)
			ExecutionOrderSort (0ms)
			DisableScriptedObjects (0ms)
			BackupInstance (0ms)
			ReleaseScriptingObjects (0ms)
			CreateAndSetChildDomain (1ms)
		EndReloadAssembly (514ms)
			LoadAssemblies (75ms)
			RebuildTransferFunctionScriptingTraits (0ms)
			SetupTypeCache (124ms)
			ReleaseScriptCaches (0ms)
			RebuildScriptCaches (32ms)
			SetupLoadedEditorAssemblies (304ms)
				LogAssemblyErrors (0ms)
				InitializePlatformSupportModulesInManaged (9ms)
				SetLoadedEditorAssemblies (0ms)
				RefreshPlugins (92ms)
				BeforeProcessingInitializeOnLoad (1ms)
				ProcessInitializeOnLoadAttributes (153ms)
				ProcessInitializeOnLoadMethodAttributes (48ms)
				AfterProcessingInitializeOnLoad (0ms)
				EditorAssembliesLoaded (0ms)
			ExecutionOrderSort2 (0ms)
			AwakeInstancesAfterBackupRestoration (0ms)
Platform modules already initialized, skipping
Registering precompiled user dll's ...
Registered in 0.005673 seconds.
Begin MonoManager ReloadAssembly
Symbol file LoadedFromMemory doesn't match image C:\Users\farha\OneDrive\Desktop\Desktop\backup Stuff\Individual-Ass2\IND-ASS2\Library\PackageCache\com.unity.visualscripting@1.7.8\Editor\VisualScripting.Core\Dependencies\YamlDotNet\Unity.VisualScripting.YamlDotNet.dll
Symbol file LoadedFromMemory doesn't match image C:\Users\farha\OneDrive\Desktop\Desktop\backup Stuff\Individual-Ass2\IND-ASS2\Library\PackageCache\com.unity.visualscripting@1.7.8\Editor\VisualScripting.Core\Dependencies\DotNetZip\Unity.VisualScripting.IonicZip.dll
Native extension for WindowsStandalone target not found
Native extension for WebGL target not found
Refreshing native plugins compatible for Editor in 0.65 ms, found 3 plugins.
Preloading 0 native plugins for Editor in 0.00 ms.
Mono: successfully reloaded assembly
- Completed reload, in  1.128 seconds
Domain Reload Profiling:
	ReloadAssembly (1129ms)
		BeginReloadAssembly (110ms)
			ExecutionOrderSort (0ms)
			DisableScriptedObjects (7ms)
			BackupInstance (0ms)
			ReleaseScriptingObjects (0ms)
			CreateAndSetChildDomain (19ms)
		EndReloadAssembly (883ms)
			LoadAssemblies (82ms)
			RebuildTransferFunctionScriptingTraits (0ms)
			SetupTypeCache (289ms)
			ReleaseScriptCaches (1ms)
			RebuildScriptCaches (53ms)
			SetupLoadedEditorAssemblies (413ms)
				LogAssemblyErrors (0ms)
				InitializePlatformSupportModulesInManaged (7ms)
				SetLoadedEditorAssemblies (0ms)
				RefreshPlugins (1ms)
				BeforeProcessingInitializeOnLoad (100ms)
				ProcessInitializeOnLoadAttributes (262ms)
				ProcessInitializeOnLoadMethodAttributes (36ms)
				AfterProcessingInitializeOnLoad (6ms)
				EditorAssembliesLoaded (0ms)
			ExecutionOrderSort2 (0ms)
			AwakeInstancesAfterBackupRestoration (6ms)
Platform modules already initialized, skipping
========================================================================
Worker process is ready to serve import requests
Launched and connected shader compiler UnityShaderCompiler.exe after 0.05 seconds
Refreshing native plugins compatible for Editor in 0.60 ms, found 3 plugins.
Preloading 0 native plugins for Editor in 0.00 ms.
Unloading 3349 Unused Serialized files (Serialized files now loaded: 0)
Unloading 27 unused Assets / (113.5 KB). Loaded Objects now: 3806.
Memory consumption went from 116.3 MB to 116.2 MB.
Total: 3.263200 ms (FindLiveObjects: 0.269400 ms CreateObjectMapping: 0.269600 ms MarkObjects: 2.613700 ms  DeleteObjects: 0.109200 ms)

AssetImportParameters requested are different than current active one (requested -> active):
  custom:video-decoder-ogg-theora: a1e56fd34408186e4bbccfd4996cb3dc -> 
  custom:container-muxer-webm: aa71ff27fc2769a1b78a27578f13a17b -> 
  custom:container-demuxer-webm: 4f35f7cbe854078d1ac9338744f61a02 -> 
  custom:video-encoder-webm-vp8: eb34c28f22e8b96e1ab97ce403110664 -> 
  custom:video-codec-MediaFoundation-h265: 746d11721c4dcdbdad8f713fa42b33f4 -> 
  custom:audio-encoder-webm-vorbis: bf7c407c2cedff20999df2af8eb42d56 -> 
  custom:framework-win-MediaFoundation: 216162199b28c13a410421893ffa2e32 -> 
  custom:container-demuxer-ogg: 62fdf1f143b41e24485cea50d1cbac27 -> 
  custom:video-decoder-webm-vp8: 9c59270c3fd7afecdb556c50c9e8de78 -> 
  custom:audio-decoder-ogg-vorbis: bf7c407c2cedff20999df2af8eb42d56 -> 
========================================================================
Received Import Request.
  Time since last request: 1884.535618 seconds.
  path: Assets/Scenes
  artifactKey: Guid(6ea315d0fd7389c41b19996891e99ae3) Importer(815301076,1909f56bfc062723c751e8b465ee728b)
Start importing Assets/Scenes using Guid(6ea315d0fd7389c41b19996891e99ae3) Importer(815301076,1909f56bfc062723c751e8b465ee728b)  -> (artifact id: 'b8193726cff86800c54781cdc6d54904') in 0.011369 seconds 
========================================================================
Received Import Request.
  Time since last request: 8.919748 seconds.
  path: Assets/Scenes/Sah
  artifactKey: Guid(6b4e212f08e720b41abc8e8d8fc7707c) Importer(815301076,1909f56bfc062723c751e8b465ee728b)
Start importing Assets/Scenes/Sah using Guid(6b4e212f08e720b41abc8e8d8fc7707c) Importer(815301076,1909f56bfc062723c751e8b465ee728b)  -> (artifact id: 'ff114597bbe6dd62b272ec679a7b8900') in 0.006303 seconds 
========================================================================
Received Import Request.
  Time since last request: 6.983760 seconds.
  path: Assets/Scenes/Shaders
  artifactKey: Guid(f9e26afe86a735c4e91486b215443b32) Importer(815301076,1909f56bfc062723c751e8b465ee728b)
Start importing Assets/Scenes/Shaders using Guid(f9e26afe86a735c4e91486b215443b32) Importer(815301076,1909f56bfc062723c751e8b465ee728b)  -> (artifact id: '70e1857328276d46c65b2f1802ff714d') in 0.007691 seconds 
========================================================================
Received Import Request.
  Time since last request: 6.975437 seconds.
  path: Assets/Scenes/Materials
  artifactKey: Guid(8643e98f31f1a834dabecb614e7e9878) Importer(815301076,1909f56bfc062723c751e8b465ee728b)
Start importing Assets/Scenes/Materials using Guid(8643e98f31f1a834dabecb614e7e9878) Importer(815301076,1909f56bfc062723c751e8b465ee728b)  -> (artifact id: '92412405b6eb69bedfcfe4a6612f252b') in 0.007769 seconds 
========================================================================
Received Import Request.
  Time since last request: 6.770317 seconds.
  path: Assets/Scenes/Scripts
  artifactKey: Guid(d0f02024db19f2b44a6a1f3ab8b86578) Importer(815301076,1909f56bfc062723c751e8b465ee728b)
Start importing Assets/Scenes/Scripts using Guid(d0f02024db19f2b44a6a1f3ab8b86578) Importer(815301076,1909f56bfc062723c751e8b465ee728b)  -> (artifact id: '69eb3fce2a77817fa1a2719efb5dc9e3') in 0.007531 seconds 
========================================================================
Received Import Request.
  Time since last request: 215.975920 seconds.
  path: Assets/Materials/BumpDiffuse.mat
  artifactKey: Guid(f57d16359574ec143b364ad13a3ca276) Importer(815301076,1909f56bfc062723c751e8b465ee728b)
Start importing Assets/Materials/BumpDiffuse.mat using Guid(f57d16359574ec143b364ad13a3ca276) Importer(815301076,1909f56bfc062723c751e8b465ee728b)  -> (artifact id: '244575cef940066dec5c329513466d60') in 0.268825 seconds 
========================================================================
Received Import Request.
  Time since last request: 0.000026 seconds.
  path: Assets/Materials/JPG_0.mat
  artifactKey: Guid(ec9cceb6a33ec9941b78ff27a1819dc6) Importer(815301076,1909f56bfc062723c751e8b465ee728b)
Start importing Assets/Materials/JPG_0.mat using Guid(ec9cceb6a33ec9941b78ff27a1819dc6) Importer(815301076,1909f56bfc062723c751e8b465ee728b)  -> (artifact id: '7bfd809572652ea6147daff02892f0c2') in 0.245729 seconds 
========================================================================
Received Import Request.
  Time since last request: 0.000051 seconds.
  path: Assets/Materials/lines.mat
  artifactKey: Guid(6681493ab833085468e25e0eb012d651) Importer(815301076,1909f56bfc062723c751e8b465ee728b)
Start importing Assets/Materials/lines.mat using Guid(6681493ab833085468e25e0eb012d651) Importer(815301076,1909f56bfc062723c751e8b465ee728b)  -> (artifact id: '32f94e457432c6afa6f295315a197fbd') in 0.074875 seconds 
========================================================================
Received Import Request.
  Time since last request: 0.000035 seconds.
  path: Assets/Materials/SpecularPBR.mat
  artifactKey: Guid(f450306da38141e46bd8b705a62a75de) Importer(815301076,1909f56bfc062723c751e8b465ee728b)
Start importing Assets/Materials/SpecularPBR.mat using Guid(f450306da38141e46bd8b705a62a75de) Importer(815301076,1909f56bfc062723c751e8b465ee728b)  -> (artifact id: 'bfbaf98dbde245ad34dbf5bffa2a866d') in 0.151387 seconds 
========================================================================
Received Import Request.
  Time since last request: 0.000032 seconds.
  path: Assets/Materials/Stairs.mat
  artifactKey: Guid(c3186e8936ff31647b0d5a1b9c6ac0d2) Importer(815301076,1909f56bfc062723c751e8b465ee728b)
Start importing Assets/Materials/Stairs.mat using Guid(c3186e8936ff31647b0d5a1b9c6ac0d2) Importer(815301076,1909f56bfc062723c751e8b465ee728b)  -> (artifact id: '8e6b07a0eb510b21c843baa599d56225') in 0.013001 seconds 
========================================================================
Received Import Request.
  Time since last request: 0.000044 seconds.
  path: Assets/Materials/Liness.mat
  artifactKey: Guid(d6e0597a50c8004498876dde5ef62561) Importer(815301076,1909f56bfc062723c751e8b465ee728b)
Start importing Assets/Materials/Liness.mat using Guid(d6e0597a50c8004498876dde5ef62561) Importer(815301076,1909f56bfc062723c751e8b465ee728b)  -> (artifact id: '54df70dfbaef1a1b8bda5b8020159ef5') in 0.013313 seconds 
========================================================================
Received Import Request.
  Time since last request: 0.000026 seconds.
  path: Assets/Materials/Shadow.mat
  artifactKey: Guid(b86470518b366b242956b3a9fb3d5662) Importer(815301076,1909f56bfc062723c751e8b465ee728b)
Start importing Assets/Materials/Shadow.mat using Guid(b86470518b366b242956b3a9fb3d5662) Importer(815301076,1909f56bfc062723c751e8b465ee728b)  -> (artifact id: 'bb02263e36aefe881145f1284df0c5f3') in 0.009390 seconds 
========================================================================
Received Import Request.
  Time since last request: 0.000048 seconds.
  path: Assets/Materials/Default.mat
  artifactKey: Guid(b128c14be84906f48bb50a195bd81ef0) Importer(815301076,1909f56bfc062723c751e8b465ee728b)
Start importing Assets/Materials/Default.mat using Guid(b128c14be84906f48bb50a195bd81ef0) Importer(815301076,1909f56bfc062723c751e8b465ee728b)  -> (artifact id: '023fa8961e46909770150c120cae2212') in 0.013660 seconds 
========================================================================
Received Import Request.
  Time since last request: 0.000023 seconds.
  path: Assets/Materials/OldStyle.mat
  artifactKey: Guid(6f3963e3bd495be42b0e68e674f3c152) Importer(815301076,1909f56bfc062723c751e8b465ee728b)
Start importing Assets/Materials/OldStyle.mat using Guid(6f3963e3bd495be42b0e68e674f3c152) Importer(815301076,1909f56bfc062723c751e8b465ee728b)  -> (artifact id: 'a27fb73c2b5b1f916d574468a073d82c') in 0.036918 seconds 
========================================================================
Received Import Request.
  Time since last request: 0.000035 seconds.
  path: Assets/Materials/Rim Lighting.mat
  artifactKey: Guid(faeba945879a72349b80eed0e6499f63) Importer(815301076,1909f56bfc062723c751e8b465ee728b)
Start importing Assets/Materials/Rim Lighting.mat using Guid(faeba945879a72349b80eed0e6499f63) Importer(815301076,1909f56bfc062723c751e8b465ee728b)  -> (artifact id: 'e18939dde8213fc3ea0bcefbfebfd851') in 0.105510 seconds 
========================================================================
Received Import Request.
  Time since last request: 0.000026 seconds.
  path: Assets/Materials/WarmLUT.mat
  artifactKey: Guid(c980a3adef5369c4d97935b923c0a703) Importer(815301076,1909f56bfc062723c751e8b465ee728b)
Start importing Assets/Materials/WarmLUT.mat using Guid(c980a3adef5369c4d97935b923c0a703) Importer(815301076,1909f56bfc062723c751e8b465ee728b)  -> (artifact id: '7499fee9dcb92d7895af8af72ff19139') in 0.031158 seconds 
========================================================================
Received Import Request.
  Time since last request: 0.000027 seconds.
  path: Assets/Materials/DiffuseWrap.mat
  artifactKey: Guid(08fd01da21b744244a668b4e66f9d11f) Importer(815301076,1909f56bfc062723c751e8b465ee728b)
Start importing Assets/Materials/DiffuseWrap.mat using Guid(08fd01da21b744244a668b4e66f9d11f) Importer(815301076,1909f56bfc062723c751e8b465ee728b)  -> (artifact id: '5be42d88a5dec8bc7936d87218fd3ff1') in 0.114819 seconds 
========================================================================
Received Import Request.
  Time since last request: 0.000028 seconds.
  path: Assets/Materials/Plane.mat
  artifactKey: Guid(97d51aecc3e95f14cbadff73de66be21) Importer(815301076,1909f56bfc062723c751e8b465ee728b)
Start importing Assets/Materials/Plane.mat using Guid(97d51aecc3e95f14cbadff73de66be21) Importer(815301076,1909f56bfc062723c751e8b465ee728b)  -> (artifact id: '7619fc7b55d1687ab3738385616e91be') in 0.014361 seconds 
========================================================================
Received Import Request.
  Time since last request: 0.000024 seconds.
  path: Assets/Materials/Walls.mat
  artifactKey: Guid(381838dfe4495fd4bbeb224616b891b9) Importer(815301076,1909f56bfc062723c751e8b465ee728b)
Start importing Assets/Materials/Walls.mat using Guid(381838dfe4495fd4bbeb224616b891b9) Importer(815301076,1909f56bfc062723c751e8b465ee728b)  -> (artifact id: 'b8d75d14a36181b343f3fbacb541640f') in 0.153642 seconds 
========================================================================
Received Import Request.
  Time since last request: 0.270714 seconds.
  path: Assets/Shaders/Displacement.mat
  artifactKey: Guid(a53d297a22548744eb9851afec7804d1) Importer(815301076,1909f56bfc062723c751e8b465ee728b)
Start importing Assets/Shaders/Displacement.mat using Guid(a53d297a22548744eb9851afec7804d1) Importer(815301076,1909f56bfc062723c751e8b465ee728b)  -> (artifact id: 'b2d89127f3fc4b4ecd05ea19290c99ae') in 0.040015 seconds 
Editor requested this worker to shutdown with reason: Scaling down because of idle timeout
AssetImportWorker is now disconnected from the server
Process exiting
Exiting without the bug reporter. Application will terminate with return code 0